2018-03-13 20:32:43,851 [Worker-16] INFO  o.e.m.c.i.p.ProjectConfigurationManager - Collecting project info '/pom.xml' M:\com.OrangeHRM\OrangeHRM\pom.xml
2018-03-13 20:32:44,646 [Worker-16] INFO  o.e.m.c.i.l.LifecycleMappingFactory - Using org.eclipse.m2e.jdt.JarLifecycleMapping lifecycle mapping for MavenProject: com.OrangeHRMS:OrangeHRM:0.0.1-SNAPSHOT @ M:\com.OrangeHRM\OrangeHRM\pom.xml.
2018-03-13 20:32:45,400 [Worker-16] INFO  o.e.m.j.i.AbstractJavaProjectConfigurator - Adding source folder /OrangeHRM/src/main/java
2018-03-13 20:32:45,404 [Worker-16] INFO  o.e.m.j.i.AbstractJavaProjectConfigurator - Adding source folder /OrangeHRM/src/test/java
2018-03-13 20:32:45,943 [Worker-16] INFO  o.e.m.c.i.p.ProjectConfigurationManager - Imported and configured 1 project(s) in 2 sec
2018-03-13 20:32:46,847 [Worker-3] INFO  o.e.m.c.i.embedder.EclipseLogger - Using 'UTF-8' encoding to copy filtered resources.
2018-03-13 20:32:46,848 [Worker-3] INFO  o.e.m.c.i.embedder.EclipseLogger - skip non existing resourceDirectory M:\com.OrangeHRM\OrangeHRM\src\main\resources
2018-03-13 20:32:46,849 [Worker-3] INFO  o.e.m.c.i.embedder.EclipseLogger - Using 'UTF-8' encoding to copy filtered resources.
2018-03-13 20:32:46,849 [Worker-3] INFO  o.e.m.c.i.embedder.EclipseLogger - skip non existing resourceDirectory M:\com.OrangeHRM\OrangeHRM\src\test\resources
2018-03-13 20:33:57,642 [Worker-2] INFO  o.e.m.c.i.p.ProjectConfigurationManager - Update started
2018-03-13 20:33:57,999 [Worker-2] INFO  o.e.m.c.i.l.LifecycleMappingFactory - Using org.eclipse.m2e.jdt.JarLifecycleMapping lifecycle mapping for MavenProject: com.OrangeHRMS:OrangeHRM:0.0.1-SNAPSHOT @ M:\com.OrangeHRM\OrangeHRM\pom.xml.
2018-03-13 20:33:58,262 [Worker-2] INFO  o.e.m.j.i.AbstractJavaProjectConfigurator - Adding source folder /OrangeHRM/src/main/java
2018-03-13 20:33:58,263 [Worker-2] INFO  o.e.m.j.i.AbstractJavaProjectConfigurator - Adding source folder /OrangeHRM/src/test/java
2018-03-13 20:33:58,346 [Worker-2] INFO  o.e.m.c.i.p.ProjectConfigurationManager - Update completed: 0 sec
2018-03-13 20:33:58,536 [Worker-17] INFO  o.e.m.c.i.embedder.EclipseLogger - Using 'UTF-8' encoding to copy filtered resources.
2018-03-13 20:33:58,536 [Worker-17] INFO  o.e.m.c.i.embedder.EclipseLogger - skip non existing resourceDirectory M:\com.OrangeHRM\OrangeHRM\src\main\resources
2018-03-13 20:33:58,538 [Worker-17] INFO  o.e.m.c.i.embedder.EclipseLogger - Using 'UTF-8' encoding to copy filtered resources.
2018-03-13 20:33:58,539 [Worker-17] INFO  o.e.m.c.i.embedder.EclipseLogger - skip non existing resourceDirectory M:\com.OrangeHRM\OrangeHRM\src\test\resources
2018-03-13 20:35:00,526 [Worker-6] INFO  o.e.m.c.i.embedder.EclipseLogger - Using 'UTF-8' encoding to copy filtered resources.
2018-03-13 20:35:00,526 [Worker-6] INFO  o.e.m.c.i.embedder.EclipseLogger - skip non existing resourceDirectory M:\com.OrangeHRM\OrangeHRM\src\main\resources
2018-03-13 20:35:00,528 [Worker-6] INFO  o.e.m.c.i.embedder.EclipseLogger - Using 'UTF-8' encoding to copy filtered resources.
2018-03-13 20:35:00,528 [Worker-6] INFO  o.e.m.c.i.embedder.EclipseLogger - skip non existing resourceDirectory M:\com.OrangeHRM\OrangeHRM\src\test\resources
2018-03-13 20:35:13,369 [Worker-3] INFO  o.e.m.c.i.p.ProjectConfigurationManager - Update started
2018-03-13 20:35:13,755 [Worker-3] INFO  o.e.m.c.i.l.LifecycleMappingFactory - Using org.eclipse.m2e.jdt.JarLifecycleMapping lifecycle mapping for MavenProject: com.OrangeHRMS:OrangeHRM:0.0.1-SNAPSHOT @ M:\com.OrangeHRM\OrangeHRM\pom.xml.
2018-03-13 20:35:13,871 [Worker-3] INFO  o.e.m.j.i.AbstractJavaProjectConfigurator - Adding source folder /OrangeHRM/src/main/java
2018-03-13 20:35:13,871 [Worker-3] INFO  o.e.m.j.i.AbstractJavaProjectConfigurator - Adding source folder /OrangeHRM/src/test/java
2018-03-13 20:35:13,955 [Worker-3] INFO  o.e.m.c.i.p.ProjectConfigurationManager - Update completed: 0 sec
2018-03-13 20:35:14,169 [Worker-5] INFO  o.e.m.c.i.embedder.EclipseLogger - Using 'UTF-8' encoding to copy filtered resources.
2018-03-13 20:35:14,169 [Worker-5] INFO  o.e.m.c.i.embedder.EclipseLogger - skip non existing resourceDirectory M:\com.OrangeHRM\OrangeHRM\src\main\resources
2018-03-13 20:35:14,171 [Worker-5] INFO  o.e.m.c.i.embedder.EclipseLogger - Using 'UTF-8' encoding to copy filtered resources.
2018-03-13 20:35:14,171 [Worker-5] INFO  o.e.m.c.i.embedder.EclipseLogger - skip non existing resourceDirectory M:\com.OrangeHRM\OrangeHRM\src\test\resources
2018-03-13 20:35:51,520 [Worker-14] INFO  o.e.m.c.i.embedder.EclipseLogger - Using 'UTF-8' encoding to copy filtered resources.
2018-03-13 20:35:51,520 [Worker-14] INFO  o.e.m.c.i.embedder.EclipseLogger - skip non existing resourceDirectory M:\com.OrangeHRM\OrangeHRM\src\main\resources
2018-03-13 20:35:51,521 [Worker-14] INFO  o.e.m.c.i.embedder.EclipseLogger - Using 'UTF-8' encoding to copy filtered resources.
2018-03-13 20:35:51,521 [Worker-14] INFO  o.e.m.c.i.embedder.EclipseLogger - skip non existing resourceDirectory M:\com.OrangeHRM\OrangeHRM\src\test\resources
2018-03-13 20:36:29,922 [Worker-16] INFO  o.e.m.c.i.p.ProjectConfigurationManager - Update started
2018-03-13 20:36:30,486 [Worker-16] INFO  o.e.m.c.i.l.LifecycleMappingFactory - Using org.eclipse.m2e.jdt.JarLifecycleMapping lifecycle mapping for MavenProject: com.OrangeHRMS:OrangeHRM:0.0.1-SNAPSHOT @ M:\com.OrangeHRM\OrangeHRM\pom.xml.
2018-03-13 20:36:30,658 [Worker-16] INFO  o.e.m.j.i.AbstractJavaProjectConfigurator - Adding source folder /OrangeHRM/src/main/java
2018-03-13 20:36:30,659 [Worker-16] INFO  o.e.m.j.i.AbstractJavaProjectConfigurator - Adding source folder /OrangeHRM/src/test/java
2018-03-13 20:36:30,774 [Worker-16] INFO  o.e.m.c.i.p.ProjectConfigurationManager - Update completed: 0 sec
2018-03-13 20:36:30,968 [Worker-5] INFO  o.e.m.c.i.embedder.EclipseLogger - Using 'UTF-8' encoding to copy filtered resources.
2018-03-13 20:36:30,969 [Worker-5] INFO  o.e.m.c.i.embedder.EclipseLogger - skip non existing resourceDirectory M:\com.OrangeHRM\OrangeHRM\src\main\resources
2018-03-13 20:36:30,972 [Worker-5] INFO  o.e.m.c.i.embedder.EclipseLogger - Using 'UTF-8' encoding to copy filtered resources.
2018-03-13 20:36:30,972 [Worker-5] INFO  o.e.m.c.i.embedder.EclipseLogger - skip non existing resourceDirectory M:\com.OrangeHRM\OrangeHRM\src\test\resources
2018-03-13 20:36:55,754 [Worker-1] INFO  o.e.m.c.i.embedder.EclipseLogger - Using 'UTF-8' encoding to copy filtered resources.
2018-03-13 20:36:55,755 [Worker-1] INFO  o.e.m.c.i.embedder.EclipseLogger - skip non existing resourceDirectory M:\com.OrangeHRM\OrangeHRM\src\main\resources
2018-03-13 20:36:55,757 [Worker-1] INFO  o.e.m.c.i.embedder.EclipseLogger - Using 'UTF-8' encoding to copy filtered resources.
2018-03-13 20:36:55,757 [Worker-1] INFO  o.e.m.c.i.embedder.EclipseLogger - skip non existing resourceDirectory M:\com.OrangeHRM\OrangeHRM\src\test\resources
2018-03-13 20:37:44,815 [Worker-1] INFO  o.e.m.c.i.p.ProjectConfigurationManager - Update started
2018-03-13 20:37:45,363 [Worker-1] INFO  o.e.m.c.i.l.LifecycleMappingFactory - Using org.eclipse.m2e.jdt.JarLifecycleMapping lifecycle mapping for MavenProject: com.OrangeHRMS:OrangeHRM:0.0.1-SNAPSHOT @ M:\com.OrangeHRM\OrangeHRM\pom.xml.
2018-03-13 20:37:45,503 [Worker-1] INFO  o.e.m.j.i.AbstractJavaProjectConfigurator - Adding source folder /OrangeHRM/src/main/java
2018-03-13 20:37:45,504 [Worker-1] INFO  o.e.m.j.i.AbstractJavaProjectConfigurator - Adding source folder /OrangeHRM/src/test/java
2018-03-13 20:37:45,603 [Worker-1] INFO  o.e.m.c.i.p.ProjectConfigurationManager - Update completed: 0 sec
2018-03-13 20:37:45,783 [Worker-5] INFO  o.e.m.c.i.embedder.EclipseLogger - Using 'UTF-8' encoding to copy filtered resources.
2018-03-13 20:37:45,783 [Worker-5] INFO  o.e.m.c.i.embedder.EclipseLogger - skip non existing resourceDirectory M:\com.OrangeHRM\OrangeHRM\src\main\resources
2018-03-13 20:37:45,785 [Worker-5] INFO  o.e.m.c.i.embedder.EclipseLogger - Using 'UTF-8' encoding to copy filtered resources.
2018-03-13 20:37:45,785 [Worker-5] INFO  o.e.m.c.i.embedder.EclipseLogger - skip non existing resourceDirectory M:\com.OrangeHRM\OrangeHRM\src\test\resources
2018-03-13 20:37:58,323 [Worker-8] INFO  o.e.m.c.i.embedder.EclipseLogger - Using 'UTF-8' encoding to copy filtered resources.
2018-03-13 20:37:58,323 [Worker-8] INFO  o.e.m.c.i.embedder.EclipseLogger - skip non existing resourceDirectory M:\com.OrangeHRM\OrangeHRM\src\main\resources
2018-03-13 20:37:58,326 [Worker-8] INFO  o.e.m.c.i.embedder.EclipseLogger - Using 'UTF-8' encoding to copy filtered resources.
2018-03-13 20:37:58,326 [Worker-8] INFO  o.e.m.c.i.embedder.EclipseLogger - skip non existing resourceDirectory M:\com.OrangeHRM\OrangeHRM\src\test\resources
2018-03-13 20:38:08,039 [Worker-8] INFO  o.e.m.c.i.embedder.EclipseLogger - Using 'UTF-8' encoding to copy filtered resources.
2018-03-13 20:38:08,039 [Worker-8] INFO  o.e.m.c.i.embedder.EclipseLogger - skip non existing resourceDirectory M:\com.OrangeHRM\OrangeHRM\src\main\resources
2018-03-13 20:38:08,041 [Worker-8] INFO  o.e.m.c.i.embedder.EclipseLogger - Using 'UTF-8' encoding to copy filtered resources.
2018-03-13 20:38:08,041 [Worker-8] INFO  o.e.m.c.i.embedder.EclipseLogger - skip non existing resourceDirectory M:\com.OrangeHRM\OrangeHRM\src\test\resources
2018-03-13 20:38:47,246 [Worker-20] INFO  o.e.m.c.i.embedder.EclipseLogger - Using 'UTF-8' encoding to copy filtered resources.
2018-03-13 20:38:47,246 [Worker-20] INFO  o.e.m.c.i.embedder.EclipseLogger - skip non existing resourceDirectory M:\com.OrangeHRM\OrangeHRM\src\main\resources
2018-03-13 20:38:47,247 [Worker-20] INFO  o.e.m.c.i.embedder.EclipseLogger - Using 'UTF-8' encoding to copy filtered resources.
2018-03-13 20:38:47,247 [Worker-20] INFO  o.e.m.c.i.embedder.EclipseLogger - skip non existing resourceDirectory M:\com.OrangeHRM\OrangeHRM\src\test\resources
2018-03-13 20:39:17,621 [Worker-0] INFO  o.e.m.i.launch.MavenLaunchDelegate - M:\com.OrangeHRM\OrangeHRM
2018-03-13 20:39:17,622 [Worker-0] INFO  o.e.m.i.launch.MavenLaunchDelegate -  mvn -B install
2018-03-13 20:39:23,784 [Worker-20] INFO  o.e.m.c.i.embedder.EclipseLogger - Using 'UTF-8' encoding to copy filtered resources.
2018-03-13 20:39:23,784 [Worker-20] INFO  o.e.m.c.i.embedder.EclipseLogger - skip non existing resourceDirectory M:\com.OrangeHRM\OrangeHRM\src\main\resources
2018-03-13 20:39:23,785 [Worker-20] INFO  o.e.m.c.i.embedder.EclipseLogger - Using 'UTF-8' encoding to copy filtered resources.
2018-03-13 20:39:23,785 [Worker-20] INFO  o.e.m.c.i.embedder.EclipseLogger - skip non existing resourceDirectory M:\com.OrangeHRM\OrangeHRM\src\test\resources
2018-03-13 20:40:39,114 [Worker-8] INFO  o.e.m.c.i.p.ProjectConfigurationManager - Update started
2018-03-13 20:40:39,638 [Worker-8] INFO  o.e.m.c.i.l.LifecycleMappingFactory - Using org.eclipse.m2e.jdt.JarLifecycleMapping lifecycle mapping for MavenProject: com.OrangeHRMS:OrangeHRM:0.0.1-SNAPSHOT @ M:\com.OrangeHRM\OrangeHRM\pom.xml.
2018-03-13 20:40:40,291 [Worker-8] INFO  o.e.m.j.i.AbstractJavaProjectConfigurator - Adding source folder /OrangeHRM/src/main/java
2018-03-13 20:40:40,291 [Worker-8] INFO  o.e.m.j.i.AbstractJavaProjectConfigurator - Adding source folder /OrangeHRM/src/test/java
2018-03-13 20:40:40,401 [Worker-8] INFO  o.e.m.c.i.p.ProjectConfigurationManager - Update completed: 1 sec
2018-03-13 20:40:41,000 [Worker-10] INFO  o.e.m.c.i.embedder.EclipseLogger - Using 'UTF-8' encoding to copy filtered resources.
2018-03-13 20:40:41,000 [Worker-10] INFO  o.e.m.c.i.embedder.EclipseLogger - skip non existing resourceDirectory M:\com.OrangeHRM\OrangeHRM\src\main\resources
2018-03-13 20:40:41,003 [Worker-10] INFO  o.e.m.c.i.embedder.EclipseLogger - Using 'UTF-8' encoding to copy filtered resources.
2018-03-13 20:40:41,003 [Worker-10] INFO  o.e.m.c.i.embedder.EclipseLogger - skip non existing resourceDirectory M:\com.OrangeHRM\OrangeHRM\src\test\resources
2018-03-13 20:42:07,809 [Worker-12] INFO  o.e.m.i.launch.MavenLaunchDelegate - M:\com.OrangeHRM\OrangeHRM
2018-03-13 20:42:07,809 [Worker-12] INFO  o.e.m.i.launch.MavenLaunchDelegate -  mvn -B install
2018-03-13 20:42:12,648 [Worker-10] INFO  o.e.m.c.i.embedder.EclipseLogger - Using 'UTF-8' encoding to copy filtered resources.
2018-03-13 20:42:12,648 [Worker-10] INFO  o.e.m.c.i.embedder.EclipseLogger - skip non existing resourceDirectory M:\com.OrangeHRM\OrangeHRM\src\main\resources
2018-03-13 20:42:12,650 [Worker-10] INFO  o.e.m.c.i.embedder.EclipseLogger - Using 'UTF-8' encoding to copy filtered resources.
2018-03-13 20:42:12,650 [Worker-10] INFO  o.e.m.c.i.embedder.EclipseLogger - skip non existing resourceDirectory M:\com.OrangeHRM\OrangeHRM\src\test\resources
2018-03-13 20:42:30,926 [Worker-10] INFO  o.e.m.c.i.p.ProjectConfigurationManager - Update started
2018-03-13 20:42:31,420 [Worker-10] INFO  o.e.m.c.i.l.LifecycleMappingFactory - Using org.eclipse.m2e.jdt.JarLifecycleMapping lifecycle mapping for MavenProject: com.OrangeHRMS:OrangeHRM:0.0.1-SNAPSHOT @ M:\com.OrangeHRM\OrangeHRM\pom.xml.
2018-03-13 20:42:31,594 [Worker-10] INFO  o.e.m.j.i.AbstractJavaProjectConfigurator - Adding source folder /OrangeHRM/src/main/java
2018-03-13 20:42:31,595 [Worker-10] INFO  o.e.m.j.i.AbstractJavaProjectConfigurator - Adding source folder /OrangeHRM/src/test/java
2018-03-13 20:42:31,710 [Worker-10] INFO  o.e.m.c.i.p.ProjectConfigurationManager - Update completed: 0 sec
2018-03-13 20:42:32,445 [Worker-22] INFO  o.e.m.c.i.embedder.EclipseLogger - Using 'UTF-8' encoding to copy filtered resources.
2018-03-13 20:42:32,445 [Worker-22] INFO  o.e.m.c.i.embedder.EclipseLogger - skip non existing resourceDirectory M:\com.OrangeHRM\OrangeHRM\src\main\resources
2018-03-13 20:42:32,448 [Worker-22] INFO  o.e.m.c.i.embedder.EclipseLogger - Using 'UTF-8' encoding to copy filtered resources.
2018-03-13 20:42:32,449 [Worker-22] INFO  o.e.m.c.i.embedder.EclipseLogger - skip non existing resourceDirectory M:\com.OrangeHRM\OrangeHRM\src\test\resources
2018-03-13 20:42:59,130 [Worker-10] INFO  o.e.m.c.i.p.ProjectConfigurationManager - Update started
2018-03-13 20:42:59,516 [Worker-10] INFO  o.e.m.c.i.l.LifecycleMappingFactory - Using org.eclipse.m2e.jdt.JarLifecycleMapping lifecycle mapping for MavenProject: com.OrangeHRMS:OrangeHRM:0.0.1-SNAPSHOT @ M:\com.OrangeHRM\OrangeHRM\pom.xml.
2018-03-13 20:42:59,663 [Worker-10] INFO  o.e.m.j.i.AbstractJavaProjectConfigurator - Adding source folder /OrangeHRM/src/main/java
2018-03-13 20:42:59,663 [Worker-10] INFO  o.e.m.j.i.AbstractJavaProjectConfigurator - Adding source folder /OrangeHRM/src/test/java
2018-03-13 20:42:59,744 [Worker-10] INFO  o.e.m.c.i.p.ProjectConfigurationManager - Update completed: 0 sec
2018-03-13 20:43:00,377 [Worker-22] INFO  o.e.m.c.i.embedder.EclipseLogger - Using 'UTF-8' encoding to copy filtered resources.
2018-03-13 20:43:00,377 [Worker-22] INFO  o.e.m.c.i.embedder.EclipseLogger - skip non existing resourceDirectory M:\com.OrangeHRM\OrangeHRM\src\main\resources
2018-03-13 20:43:00,380 [Worker-22] INFO  o.e.m.c.i.embedder.EclipseLogger - Using 'UTF-8' encoding to copy filtered resources.
2018-03-13 20:43:00,380 [Worker-22] INFO  o.e.m.c.i.embedder.EclipseLogger - skip non existing resourceDirectory M:\com.OrangeHRM\OrangeHRM\src\test\resources
2018-03-13 20:44:07,969 [Worker-5] INFO  o.e.m.c.i.embedder.EclipseLogger - Using 'UTF-8' encoding to copy filtered resources.
2018-03-13 20:44:07,969 [Worker-5] INFO  o.e.m.c.i.embedder.EclipseLogger - skip non existing resourceDirectory M:\com.OrangeHRM\OrangeHRM\src\main\resources
2018-03-13 20:44:07,971 [Worker-5] INFO  o.e.m.c.i.embedder.EclipseLogger - Using 'UTF-8' encoding to copy filtered resources.
2018-03-13 20:44:07,971 [Worker-5] INFO  o.e.m.c.i.embedder.EclipseLogger - skip non existing resourceDirectory M:\com.OrangeHRM\OrangeHRM\src\test\resources
2018-03-13 20:44:42,674 [Worker-26] INFO  o.e.m.c.i.p.ProjectConfigurationManager - Update started
2018-03-13 20:44:43,085 [Worker-26] INFO  o.e.m.c.i.l.LifecycleMappingFactory - Using org.eclipse.m2e.jdt.JarLifecycleMapping lifecycle mapping for MavenProject: com.OrangeHRMS:OrangeHRM:0.0.1-SNAPSHOT @ M:\com.OrangeHRM\OrangeHRM\pom.xml.
2018-03-13 20:44:43,224 [Worker-26] INFO  o.e.m.j.i.AbstractJavaProjectConfigurator - Adding source folder /OrangeHRM/src/main/java
2018-03-13 20:44:43,225 [Worker-26] INFO  o.e.m.j.i.AbstractJavaProjectConfigurator - Adding source folder /OrangeHRM/src/test/java
2018-03-13 20:44:43,312 [Worker-26] INFO  o.e.m.c.i.p.ProjectConfigurationManager - Update completed: 0 sec
2018-03-13 20:44:43,850 [Worker-12] INFO  o.e.m.c.i.embedder.EclipseLogger - Using 'UTF-8' encoding to copy filtered resources.
2018-03-13 20:44:43,850 [Worker-12] INFO  o.e.m.c.i.embedder.EclipseLogger - skip non existing resourceDirectory M:\com.OrangeHRM\OrangeHRM\src\main\resources
2018-03-13 20:44:43,852 [Worker-12] INFO  o.e.m.c.i.embedder.EclipseLogger - Using 'UTF-8' encoding to copy filtered resources.
2018-03-13 20:44:43,852 [Worker-12] INFO  o.e.m.c.i.embedder.EclipseLogger - skip non existing resourceDirectory M:\com.OrangeHRM\OrangeHRM\src\test\resources
2018-03-13 20:45:19,558 [Worker-25] INFO  o.e.m.c.i.embedder.EclipseLogger - Using 'UTF-8' encoding to copy filtered resources.
2018-03-13 20:45:19,558 [Worker-25] INFO  o.e.m.c.i.embedder.EclipseLogger - skip non existing resourceDirectory M:\com.OrangeHRM\OrangeHRM\src\main\resources
2018-03-13 20:45:19,560 [Worker-25] INFO  o.e.m.c.i.embedder.EclipseLogger - Using 'UTF-8' encoding to copy filtered resources.
2018-03-13 20:45:19,560 [Worker-25] INFO  o.e.m.c.i.embedder.EclipseLogger - skip non existing resourceDirectory M:\com.OrangeHRM\OrangeHRM\src\test\resources
2018-03-13 20:46:17,452 [Worker-27] INFO  o.e.m.c.i.l.LifecycleMappingFactory - Using org.eclipse.m2e.jdt.JarLifecycleMapping lifecycle mapping for MavenProject: com.OrangeHRMS:OrangeHRM:0.0.1-SNAPSHOT @ M:\com.OrangeHRM\OrangeHRM\pom.xml.
2018-03-13 20:46:18,171 [Worker-27] INFO  o.e.m.c.i.embedder.EclipseLogger - Using 'UTF-8' encoding to copy filtered resources.
2018-03-13 20:46:18,171 [Worker-27] INFO  o.e.m.c.i.embedder.EclipseLogger - skip non existing resourceDirectory M:\com.OrangeHRM\OrangeHRM\src\main\resources
2018-03-13 20:46:18,174 [Worker-27] INFO  o.e.m.c.i.embedder.EclipseLogger - Using 'UTF-8' encoding to copy filtered resources.
2018-03-13 20:46:18,174 [Worker-27] INFO  o.e.m.c.i.embedder.EclipseLogger - skip non existing resourceDirectory M:\com.OrangeHRM\OrangeHRM\src\test\resources
2018-03-13 20:46:20,045 [Worker-29] INFO  o.e.m.c.i.embedder.EclipseLogger - Using 'UTF-8' encoding to copy filtered resources.
2018-03-13 20:46:20,045 [Worker-29] INFO  o.e.m.c.i.embedder.EclipseLogger - skip non existing resourceDirectory M:\com.OrangeHRM\OrangeHRM\src\main\resources
2018-03-13 20:46:20,047 [Worker-29] INFO  o.e.m.c.i.embedder.EclipseLogger - Using 'UTF-8' encoding to copy filtered resources.
2018-03-13 20:46:20,047 [Worker-29] INFO  o.e.m.c.i.embedder.EclipseLogger - skip non existing resourceDirectory M:\com.OrangeHRM\OrangeHRM\src\test\resources
2018-03-13 20:46:33,736 [Worker-5] INFO  o.e.m.c.i.p.ProjectConfigurationManager - Update started
2018-03-13 20:46:34,068 [Worker-5] INFO  o.e.m.c.i.l.LifecycleMappingFactory - Using org.eclipse.m2e.jdt.JarLifecycleMapping lifecycle mapping for MavenProject: com.OrangeHRMS:OrangeHRM:0.0.1-SNAPSHOT @ M:\com.OrangeHRM\OrangeHRM\pom.xml.
2018-03-13 20:46:34,421 [DefaultMetadataResolver-0-0] INFO  o.e.m.c.i.e.AbstractTransferListenerAdapter - Downloaded http://forplay.googlecode.com/svn/mavenrepo/org/seleniumhq/selenium/selenium-api/maven-metadata.xml
2018-03-13 20:46:34,509 [DefaultMetadataResolver-0-1] INFO  o.e.m.c.i.e.AbstractTransferListenerAdapter - Downloading https://repo.maven.apache.org/maven2/org/seleniumhq/selenium/selenium-api/maven-metadata.xml
2018-03-13 20:46:34,564 [DefaultMetadataResolver-0-1] INFO  o.e.m.c.i.e.AbstractTransferListenerAdapter - Downloaded https://repo.maven.apache.org/maven2/org/seleniumhq/selenium/selenium-api/maven-metadata.xml
2018-03-13 20:46:34,617 [DefaultMetadataResolver-1-1] INFO  o.e.m.c.i.e.AbstractTransferListenerAdapter - Downloading https://repo.maven.apache.org/maven2/org/seleniumhq/selenium/selenium-support/maven-metadata.xml
2018-03-13 20:46:34,638 [DefaultMetadataResolver-1-0] INFO  o.e.m.c.i.e.AbstractTransferListenerAdapter - Downloaded http://forplay.googlecode.com/svn/mavenrepo/org/seleniumhq/selenium/selenium-support/maven-metadata.xml
2018-03-13 20:46:34,642 [DefaultMetadataResolver-1-1] INFO  o.e.m.c.i.e.AbstractTransferListenerAdapter - Downloaded https://repo.maven.apache.org/maven2/org/seleniumhq/selenium/selenium-support/maven-metadata.xml
2018-03-13 20:46:35,033 [Worker-5] INFO  o.e.m.j.i.AbstractJavaProjectConfigurator - Adding source folder /OrangeHRM/src/main/java
2018-03-13 20:46:35,034 [Worker-5] INFO  o.e.m.j.i.AbstractJavaProjectConfigurator - Adding source folder /OrangeHRM/src/test/java
2018-03-13 20:46:35,518 [Worker-5] INFO  o.e.m.c.i.p.ProjectConfigurationManager - Update completed: 1 sec
2018-03-13 20:46:36,370 [Worker-10] INFO  o.e.m.c.i.embedder.EclipseLogger - Using 'UTF-8' encoding to copy filtered resources.
2018-03-13 20:46:36,370 [Worker-10] INFO  o.e.m.c.i.embedder.EclipseLogger - skip non existing resourceDirectory M:\com.OrangeHRM\OrangeHRM\src\main\resources
2018-03-13 20:46:36,373 [Worker-10] INFO  o.e.m.c.i.embedder.EclipseLogger - Using 'UTF-8' encoding to copy filtered resources.
2018-03-13 20:46:36,373 [Worker-10] INFO  o.e.m.c.i.embedder.EclipseLogger - skip non existing resourceDirectory M:\com.OrangeHRM\OrangeHRM\src\test\resources
2018-03-13 20:47:03,486 [Worker-21] INFO  o.e.m.c.i.embedder.EclipseLogger - Using 'UTF-8' encoding to copy filtered resources.
2018-03-13 20:47:03,487 [Worker-21] INFO  o.e.m.c.i.embedder.EclipseLogger - skip non existing resourceDirectory M:\com.OrangeHRM\OrangeHRM\src\main\resources
2018-03-13 20:47:03,489 [Worker-21] INFO  o.e.m.c.i.embedder.EclipseLogger - Using 'UTF-8' encoding to copy filtered resources.
2018-03-13 20:47:03,489 [Worker-21] INFO  o.e.m.c.i.embedder.EclipseLogger - skip non existing resourceDirectory M:\com.OrangeHRM\OrangeHRM\src\test\resources
2018-03-13 20:47:19,323 [Worker-27] INFO  o.e.m.c.i.p.ProjectConfigurationManager - Update started
2018-03-13 20:47:19,655 [Worker-27] INFO  o.e.m.c.i.l.LifecycleMappingFactory - Using org.eclipse.m2e.jdt.JarLifecycleMapping lifecycle mapping for MavenProject: com.OrangeHRMS:OrangeHRM:0.0.1-SNAPSHOT @ M:\com.OrangeHRM\OrangeHRM\pom.xml.
2018-03-13 20:47:19,851 [DefaultMetadataResolver-2-0] INFO  o.e.m.c.i.e.AbstractTransferListenerAdapter - Downloaded http://forplay.googlecode.com/svn/mavenrepo/org/seleniumhq/selenium/selenium-api/maven-metadata.xml
2018-03-13 20:47:19,938 [DefaultMetadataResolver-2-1] INFO  o.e.m.c.i.e.AbstractTransferListenerAdapter - Downloading https://repo.maven.apache.org/maven2/org/seleniumhq/selenium/selenium-api/maven-metadata.xml
2018-03-13 20:47:19,976 [DefaultMetadataResolver-2-1] INFO  o.e.m.c.i.e.AbstractTransferListenerAdapter - Downloaded https://repo.maven.apache.org/maven2/org/seleniumhq/selenium/selenium-api/maven-metadata.xml
2018-03-13 20:47:20,035 [DefaultMetadataResolver-3-1] INFO  o.e.m.c.i.e.AbstractTransferListenerAdapter - Downloading https://repo.maven.apache.org/maven2/org/seleniumhq/selenium/selenium-support/maven-metadata.xml
2018-03-13 20:47:20,058 [DefaultMetadataResolver-3-1] INFO  o.e.m.c.i.e.AbstractTransferListenerAdapter - Downloaded https://repo.maven.apache.org/maven2/org/seleniumhq/selenium/selenium-support/maven-metadata.xml
2018-03-13 20:47:20,058 [DefaultMetadataResolver-3-0] INFO  o.e.m.c.i.e.AbstractTransferListenerAdapter - Downloaded http://forplay.googlecode.com/svn/mavenrepo/org/seleniumhq/selenium/selenium-support/maven-metadata.xml
2018-03-13 20:47:20,475 [Worker-27] INFO  o.e.m.j.i.AbstractJavaProjectConfigurator - Adding source folder /OrangeHRM/src/main/java
2018-03-13 20:47:20,476 [Worker-27] INFO  o.e.m.j.i.AbstractJavaProjectConfigurator - Adding source folder /OrangeHRM/src/test/java
2018-03-13 20:47:20,678 [Worker-27] INFO  o.e.m.c.i.p.ProjectConfigurationManager - Update completed: 1 sec
2018-03-13 20:47:21,333 [Worker-26] INFO  o.e.m.c.i.embedder.EclipseLogger - Using 'UTF-8' encoding to copy filtered resources.
2018-03-13 20:47:21,333 [Worker-26] INFO  o.e.m.c.i.embedder.EclipseLogger - skip non existing resourceDirectory M:\com.OrangeHRM\OrangeHRM\src\main\resources
2018-03-13 20:47:21,336 [Worker-26] INFO  o.e.m.c.i.embedder.EclipseLogger - Using 'UTF-8' encoding to copy filtered resources.
2018-03-13 20:47:21,336 [Worker-26] INFO  o.e.m.c.i.embedder.EclipseLogger - skip non existing resourceDirectory M:\com.OrangeHRM\OrangeHRM\src\test\resources
2018-03-13 20:49:12,482 [Worker-25] INFO  o.e.m.c.i.embedder.EclipseLogger - Using 'UTF-8' encoding to copy filtered resources.
2018-03-13 20:49:12,483 [Worker-25] INFO  o.e.m.c.i.embedder.EclipseLogger - skip non existing resourceDirectory M:\com.OrangeHRM\OrangeHRM\src\main\resources
2018-03-13 20:49:12,484 [Worker-25] INFO  o.e.m.c.i.embedder.EclipseLogger - Using 'UTF-8' encoding to copy filtered resources.
2018-03-13 20:49:12,484 [Worker-25] INFO  o.e.m.c.i.embedder.EclipseLogger - skip non existing resourceDirectory M:\com.OrangeHRM\OrangeHRM\src\test\resources
2018-03-13 20:49:41,498 [Worker-26] INFO  o.e.m.c.i.embedder.EclipseLogger - Using 'UTF-8' encoding to copy filtered resources.
2018-03-13 20:49:41,498 [Worker-26] INFO  o.e.m.c.i.embedder.EclipseLogger - skip non existing resourceDirectory M:\com.OrangeHRM\OrangeHRM\src\main\resources
2018-03-13 20:49:41,499 [Worker-26] INFO  o.e.m.c.i.embedder.EclipseLogger - Using 'UTF-8' encoding to copy filtered resources.
2018-03-13 20:49:41,499 [Worker-26] INFO  o.e.m.c.i.embedder.EclipseLogger - skip non existing resourceDirectory M:\com.OrangeHRM\OrangeHRM\src\test\resources
2018-03-13 20:49:51,595 [Worker-26] INFO  o.e.m.c.i.embedder.EclipseLogger - Using 'UTF-8' encoding to copy filtered resources.
2018-03-13 20:49:51,596 [Worker-26] INFO  o.e.m.c.i.embedder.EclipseLogger - skip non existing resourceDirectory M:\com.OrangeHRM\OrangeHRM\src\main\resources
2018-03-13 20:49:51,597 [Worker-26] INFO  o.e.m.c.i.embedder.EclipseLogger - Using 'UTF-8' encoding to copy filtered resources.
2018-03-13 20:49:51,597 [Worker-26] INFO  o.e.m.c.i.embedder.EclipseLogger - skip non existing resourceDirectory M:\com.OrangeHRM\OrangeHRM\src\test\resources
2018-03-13 20:49:58,357 [Worker-27] INFO  o.e.m.c.i.embedder.EclipseLogger - Using 'UTF-8' encoding to copy filtered resources.
2018-03-13 20:49:58,358 [Worker-27] INFO  o.e.m.c.i.embedder.EclipseLogger - skip non existing resourceDirectory M:\com.OrangeHRM\OrangeHRM\src\main\resources
2018-03-13 20:49:58,359 [Worker-27] INFO  o.e.m.c.i.embedder.EclipseLogger - Using 'UTF-8' encoding to copy filtered resources.
2018-03-13 20:49:58,359 [Worker-27] INFO  o.e.m.c.i.embedder.EclipseLogger - skip non existing resourceDirectory M:\com.OrangeHRM\OrangeHRM\src\test\resources
2018-03-13 20:51:13,614 [Worker-27] INFO  o.e.m.c.i.embedder.EclipseLogger - Using 'UTF-8' encoding to copy filtered resources.
2018-03-13 20:51:13,614 [Worker-27] INFO  o.e.m.c.i.embedder.EclipseLogger - skip non existing resourceDirectory M:\com.OrangeHRM\OrangeHRM\src\main\resources
2018-03-13 20:51:13,616 [Worker-27] INFO  o.e.m.c.i.embedder.EclipseLogger - Using 'UTF-8' encoding to copy filtered resources.
2018-03-13 20:51:13,616 [Worker-27] INFO  o.e.m.c.i.embedder.EclipseLogger - skip non existing resourceDirectory M:\com.OrangeHRM\OrangeHRM\src\test\resources
2018-03-13 20:51:26,536 [Worker-28] INFO  o.e.m.c.i.embedder.EclipseLogger - Using 'UTF-8' encoding to copy filtered resources.
2018-03-13 20:51:26,536 [Worker-28] INFO  o.e.m.c.i.embedder.EclipseLogger - skip non existing resourceDirectory M:\com.OrangeHRM\OrangeHRM\src\main\resources
2018-03-13 20:51:26,539 [Worker-28] INFO  o.e.m.c.i.embedder.EclipseLogger - Using 'UTF-8' encoding to copy filtered resources.
2018-03-13 20:51:26,539 [Worker-28] INFO  o.e.m.c.i.embedder.EclipseLogger - skip non existing resourceDirectory M:\com.OrangeHRM\OrangeHRM\src\test\resources
2018-03-13 20:51:39,017 [Worker-25] INFO  o.e.m.c.i.embedder.EclipseLogger - Using 'UTF-8' encoding to copy filtered resources.
2018-03-13 20:51:39,018 [Worker-25] INFO  o.e.m.c.i.embedder.EclipseLogger - skip non existing resourceDirectory M:\com.OrangeHRM\OrangeHRM\src\main\resources
2018-03-13 20:51:39,021 [Worker-25] INFO  o.e.m.c.i.embedder.EclipseLogger - Using 'UTF-8' encoding to copy filtered resources.
2018-03-13 20:51:39,021 [Worker-25] INFO  o.e.m.c.i.embedder.EclipseLogger - skip non existing resourceDirectory M:\com.OrangeHRM\OrangeHRM\src\test\resources
2018-03-13 20:52:18,957 [Worker-5] INFO  o.e.m.c.i.embedder.EclipseLogger - Using 'UTF-8' encoding to copy filtered resources.
2018-03-13 20:52:18,958 [Worker-5] INFO  o.e.m.c.i.embedder.EclipseLogger - skip non existing resourceDirectory M:\com.OrangeHRM\OrangeHRM\src\main\resources
2018-03-13 20:52:18,960 [Worker-5] INFO  o.e.m.c.i.embedder.EclipseLogger - Using 'UTF-8' encoding to copy filtered resources.
2018-03-13 20:52:18,960 [Worker-5] INFO  o.e.m.c.i.embedder.EclipseLogger - skip non existing resourceDirectory M:\com.OrangeHRM\OrangeHRM\src\test\resources
2018-03-13 20:52:35,855 [Worker-27] INFO  o.e.m.c.i.embedder.EclipseLogger - Using 'UTF-8' encoding to copy filtered resources.
2018-03-13 20:52:35,855 [Worker-27] INFO  o.e.m.c.i.embedder.EclipseLogger - skip non existing resourceDirectory M:\com.OrangeHRM\OrangeHRM\src\main\resources
2018-03-13 20:52:35,856 [Worker-27] INFO  o.e.m.c.i.embedder.EclipseLogger - Using 'UTF-8' encoding to copy filtered resources.
2018-03-13 20:52:35,856 [Worker-27] INFO  o.e.m.c.i.embedder.EclipseLogger - skip non existing resourceDirectory M:\com.OrangeHRM\OrangeHRM\src\test\resources
2018-03-13 20:53:00,351 [Worker-5] INFO  o.e.m.c.i.embedder.EclipseLogger - Using 'UTF-8' encoding to copy filtered resources.
2018-03-13 20:53:00,351 [Worker-5] INFO  o.e.m.c.i.embedder.EclipseLogger - skip non existing resourceDirectory M:\com.OrangeHRM\OrangeHRM\src\main\resources
2018-03-13 20:53:00,354 [Worker-5] INFO  o.e.m.c.i.embedder.EclipseLogger - Using 'UTF-8' encoding to copy filtered resources.
2018-03-13 20:53:00,355 [Worker-5] INFO  o.e.m.c.i.embedder.EclipseLogger - skip non existing resourceDirectory M:\com.OrangeHRM\OrangeHRM\src\test\resources
2018-03-13 20:53:16,091 [Worker-5] INFO  o.e.m.c.i.embedder.EclipseLogger - Using 'UTF-8' encoding to copy filtered resources.
2018-03-13 20:53:16,091 [Worker-5] INFO  o.e.m.c.i.embedder.EclipseLogger - skip non existing resourceDirectory M:\com.OrangeHRM\OrangeHRM\src\main\resources
2018-03-13 20:53:16,093 [Worker-5] INFO  o.e.m.c.i.embedder.EclipseLogger - Using 'UTF-8' encoding to copy filtered resources.
2018-03-13 20:53:16,093 [Worker-5] INFO  o.e.m.c.i.embedder.EclipseLogger - skip non existing resourceDirectory M:\com.OrangeHRM\OrangeHRM\src\test\resources
2018-03-13 20:53:31,648 [Worker-12] INFO  o.e.m.c.i.embedder.EclipseLogger - Using 'UTF-8' encoding to copy filtered resources.
2018-03-13 20:53:31,648 [Worker-12] INFO  o.e.m.c.i.embedder.EclipseLogger - skip non existing resourceDirectory M:\com.OrangeHRM\OrangeHRM\src\main\resources
2018-03-13 20:53:31,650 [Worker-12] INFO  o.e.m.c.i.embedder.EclipseLogger - Using 'UTF-8' encoding to copy filtered resources.
2018-03-13 20:53:31,651 [Worker-12] INFO  o.e.m.c.i.embedder.EclipseLogger - skip non existing resourceDirectory M:\com.OrangeHRM\OrangeHRM\src\test\resources
2018-03-13 20:53:55,595 [Worker-25] INFO  o.e.m.c.i.embedder.EclipseLogger - Using 'UTF-8' encoding to copy filtered resources.
2018-03-13 20:53:55,595 [Worker-25] INFO  o.e.m.c.i.embedder.EclipseLogger - skip non existing resourceDirectory M:\com.OrangeHRM\OrangeHRM\src\main\resources
2018-03-13 20:53:55,597 [Worker-25] INFO  o.e.m.c.i.embedder.EclipseLogger - Using 'UTF-8' encoding to copy filtered resources.
2018-03-13 20:53:55,597 [Worker-25] INFO  o.e.m.c.i.embedder.EclipseLogger - skip non existing resourceDirectory M:\com.OrangeHRM\OrangeHRM\src\test\resources
2018-03-13 20:54:21,510 [Worker-26] INFO  o.e.m.c.i.embedder.EclipseLogger - Using 'UTF-8' encoding to copy filtered resources.
2018-03-13 20:54:21,511 [Worker-26] INFO  o.e.m.c.i.embedder.EclipseLogger - skip non existing resourceDirectory M:\com.OrangeHRM\OrangeHRM\src\main\resources
2018-03-13 20:54:21,512 [Worker-26] INFO  o.e.m.c.i.embedder.EclipseLogger - Using 'UTF-8' encoding to copy filtered resources.
2018-03-13 20:54:21,512 [Worker-26] INFO  o.e.m.c.i.embedder.EclipseLogger - skip non existing resourceDirectory M:\com.OrangeHRM\OrangeHRM\src\test\resources
2018-03-13 20:54:33,230 [Worker-26] INFO  o.e.m.c.i.embedder.EclipseLogger - Using 'UTF-8' encoding to copy filtered resources.
2018-03-13 20:54:33,231 [Worker-26] INFO  o.e.m.c.i.embedder.EclipseLogger - skip non existing resourceDirectory M:\com.OrangeHRM\OrangeHRM\src\main\resources
2018-03-13 20:54:33,234 [Worker-26] INFO  o.e.m.c.i.embedder.EclipseLogger - Using 'UTF-8' encoding to copy filtered resources.
2018-03-13 20:54:33,234 [Worker-26] INFO  o.e.m.c.i.embedder.EclipseLogger - skip non existing resourceDirectory M:\com.OrangeHRM\OrangeHRM\src\test\resources
2018-03-13 20:56:51,285 [Worker-28] INFO  o.e.m.c.i.embedder.EclipseLogger - Using 'UTF-8' encoding to copy filtered resources.
2018-03-13 20:56:51,285 [Worker-28] INFO  o.e.m.c.i.embedder.EclipseLogger - skip non existing resourceDirectory M:\com.OrangeHRM\OrangeHRM\src\main\resources
2018-03-13 20:56:51,288 [Worker-28] INFO  o.e.m.c.i.embedder.EclipseLogger - Using 'UTF-8' encoding to copy filtered resources.
2018-03-13 20:56:51,288 [Worker-28] INFO  o.e.m.c.i.embedder.EclipseLogger - skip non existing resourceDirectory M:\com.OrangeHRM\OrangeHRM\src\test\resources
2018-03-13 20:57:02,763 [Worker-25] INFO  o.e.m.c.i.embedder.EclipseLogger - Using 'UTF-8' encoding to copy filtered resources.
2018-03-13 20:57:02,764 [Worker-25] INFO  o.e.m.c.i.embedder.EclipseLogger - skip non existing resourceDirectory M:\com.OrangeHRM\OrangeHRM\src\main\resources
2018-03-13 20:57:02,765 [Worker-25] INFO  o.e.m.c.i.embedder.EclipseLogger - Using 'UTF-8' encoding to copy filtered resources.
2018-03-13 20:57:02,765 [Worker-25] INFO  o.e.m.c.i.embedder.EclipseLogger - skip non existing resourceDirectory M:\com.OrangeHRM\OrangeHRM\src\test\resources
2018-03-13 20:57:05,400 [Worker-26] INFO  o.e.m.c.i.embedder.EclipseLogger - Using 'UTF-8' encoding to copy filtered resources.
2018-03-13 20:57:05,400 [Worker-26] INFO  o.e.m.c.i.embedder.EclipseLogger - skip non existing resourceDirectory M:\com.OrangeHRM\OrangeHRM\src\main\resources
2018-03-13 20:57:05,402 [Worker-26] INFO  o.e.m.c.i.embedder.EclipseLogger - Using 'UTF-8' encoding to copy filtered resources.
2018-03-13 20:57:05,402 [Worker-26] INFO  o.e.m.c.i.embedder.EclipseLogger - skip non existing resourceDirectory M:\com.OrangeHRM\OrangeHRM\src\test\resources
2018-03-13 20:57:11,835 [Worker-33] INFO  o.e.m.c.i.embedder.EclipseLogger - Using 'UTF-8' encoding to copy filtered resources.
2018-03-13 20:57:11,835 [Worker-33] INFO  o.e.m.c.i.embedder.EclipseLogger - skip non existing resourceDirectory M:\com.OrangeHRM\OrangeHRM\src\main\resources
2018-03-13 20:57:11,837 [Worker-33] INFO  o.e.m.c.i.embedder.EclipseLogger - Using 'UTF-8' encoding to copy filtered resources.
2018-03-13 20:57:11,837 [Worker-33] INFO  o.e.m.c.i.embedder.EclipseLogger - skip non existing resourceDirectory M:\com.OrangeHRM\OrangeHRM\src\test\resources
2018-03-13 20:58:49,747 [Worker-34] INFO  o.e.m.c.i.embedder.EclipseLogger - Using 'UTF-8' encoding to copy filtered resources.
2018-03-13 20:58:49,747 [Worker-34] INFO  o.e.m.c.i.embedder.EclipseLogger - skip non existing resourceDirectory M:\com.OrangeHRM\OrangeHRM\src\main\resources
2018-03-13 20:58:49,750 [Worker-34] INFO  o.e.m.c.i.embedder.EclipseLogger - Using 'UTF-8' encoding to copy filtered resources.
2018-03-13 20:58:49,750 [Worker-34] INFO  o.e.m.c.i.embedder.EclipseLogger - skip non existing resourceDirectory M:\com.OrangeHRM\OrangeHRM\src\test\resources
2018-03-13 20:59:06,308 [Worker-34] INFO  o.e.m.c.i.embedder.EclipseLogger - Using 'UTF-8' encoding to copy filtered resources.
2018-03-13 20:59:06,308 [Worker-34] INFO  o.e.m.c.i.embedder.EclipseLogger - skip non existing resourceDirectory M:\com.OrangeHRM\OrangeHRM\src\main\resources
2018-03-13 20:59:06,310 [Worker-34] INFO  o.e.m.c.i.embedder.EclipseLogger - Using 'UTF-8' encoding to copy filtered resources.
2018-03-13 20:59:06,310 [Worker-34] INFO  o.e.m.c.i.embedder.EclipseLogger - skip non existing resourceDirectory M:\com.OrangeHRM\OrangeHRM\src\test\resources
2018-03-13 21:00:08,997 [Worker-35] INFO  o.e.m.c.i.embedder.EclipseLogger - Using 'UTF-8' encoding to copy filtered resources.
2018-03-13 21:00:08,998 [Worker-35] INFO  o.e.m.c.i.embedder.EclipseLogger - skip non existing resourceDirectory M:\com.OrangeHRM\OrangeHRM\src\main\resources
2018-03-13 21:00:08,999 [Worker-35] INFO  o.e.m.c.i.embedder.EclipseLogger - Using 'UTF-8' encoding to copy filtered resources.
2018-03-13 21:00:08,999 [Worker-35] INFO  o.e.m.c.i.embedder.EclipseLogger - skip non existing resourceDirectory M:\com.OrangeHRM\OrangeHRM\src\test\resources
2018-03-13 21:01:56,744 [Worker-34] INFO  o.e.m.c.i.embedder.EclipseLogger - Using 'UTF-8' encoding to copy filtered resources.
2018-03-13 21:01:56,744 [Worker-34] INFO  o.e.m.c.i.embedder.EclipseLogger - skip non existing resourceDirectory M:\com.OrangeHRM\OrangeHRM\src\main\resources
2018-03-13 21:01:56,746 [Worker-34] INFO  o.e.m.c.i.embedder.EclipseLogger - Using 'UTF-8' encoding to copy filtered resources.
2018-03-13 21:01:56,746 [Worker-34] INFO  o.e.m.c.i.embedder.EclipseLogger - skip non existing resourceDirectory M:\com.OrangeHRM\OrangeHRM\src\test\resources
2018-03-13 21:02:08,199 [Worker-36] INFO  o.e.m.c.i.embedder.EclipseLogger - Using 'UTF-8' encoding to copy filtered resources.
2018-03-13 21:02:08,199 [Worker-36] INFO  o.e.m.c.i.embedder.EclipseLogger - skip non existing resourceDirectory M:\com.OrangeHRM\OrangeHRM\src\main\resources
2018-03-13 21:02:08,202 [Worker-36] INFO  o.e.m.c.i.embedder.EclipseLogger - Using 'UTF-8' encoding to copy filtered resources.
2018-03-13 21:02:08,203 [Worker-36] INFO  o.e.m.c.i.embedder.EclipseLogger - skip non existing resourceDirectory M:\com.OrangeHRM\OrangeHRM\src\test\resources
2018-03-13 21:02:22,508 [Worker-37] INFO  o.e.m.c.i.embedder.EclipseLogger - Using 'UTF-8' encoding to copy filtered resources.
2018-03-13 21:02:22,508 [Worker-37] INFO  o.e.m.c.i.embedder.EclipseLogger - skip non existing resourceDirectory M:\com.OrangeHRM\OrangeHRM\src\main\resources
2018-03-13 21:02:22,510 [Worker-37] INFO  o.e.m.c.i.embedder.EclipseLogger - Using 'UTF-8' encoding to copy filtered resources.
2018-03-13 21:02:22,510 [Worker-37] INFO  o.e.m.c.i.embedder.EclipseLogger - skip non existing resourceDirectory M:\com.OrangeHRM\OrangeHRM\src\test\resources
2018-03-13 21:02:28,195 [Worker-31] INFO  o.e.m.c.i.embedder.EclipseLogger - Using 'UTF-8' encoding to copy filtered resources.
2018-03-13 21:02:28,195 [Worker-31] INFO  o.e.m.c.i.embedder.EclipseLogger - skip non existing resourceDirectory M:\com.OrangeHRM\OrangeHRM\src\main\resources
2018-03-13 21:02:28,196 [Worker-31] INFO  o.e.m.c.i.embedder.EclipseLogger - Using 'UTF-8' encoding to copy filtered resources.
2018-03-13 21:02:28,196 [Worker-31] INFO  o.e.m.c.i.embedder.EclipseLogger - skip non existing resourceDirectory M:\com.OrangeHRM\OrangeHRM\src\test\resources
2018-03-13 21:02:55,570 [Worker-36] INFO  o.e.m.c.i.embedder.EclipseLogger - Using 'UTF-8' encoding to copy filtered resources.
2018-03-13 21:02:55,570 [Worker-36] INFO  o.e.m.c.i.embedder.EclipseLogger - skip non existing resourceDirectory M:\com.OrangeHRM\OrangeHRM\src\main\resources
2018-03-13 21:02:55,572 [Worker-36] INFO  o.e.m.c.i.embedder.EclipseLogger - Using 'UTF-8' encoding to copy filtered resources.
2018-03-13 21:02:55,572 [Worker-36] INFO  o.e.m.c.i.embedder.EclipseLogger - skip non existing resourceDirectory M:\com.OrangeHRM\OrangeHRM\src\test\resources
2018-03-13 21:03:10,843 [Worker-31] INFO  o.e.m.c.i.embedder.EclipseLogger - Using 'UTF-8' encoding to copy filtered resources.
2018-03-13 21:03:10,844 [Worker-31] INFO  o.e.m.c.i.embedder.EclipseLogger - skip non existing resourceDirectory M:\com.OrangeHRM\OrangeHRM\src\main\resources
2018-03-13 21:03:10,846 [Worker-31] INFO  o.e.m.c.i.embedder.EclipseLogger - Using 'UTF-8' encoding to copy filtered resources.
2018-03-13 21:03:10,846 [Worker-31] INFO  o.e.m.c.i.embedder.EclipseLogger - skip non existing resourceDirectory M:\com.OrangeHRM\OrangeHRM\src\test\resources
2018-03-13 21:03:52,377 [Worker-31] INFO  o.e.m.c.i.embedder.EclipseLogger - Using 'UTF-8' encoding to copy filtered resources.
2018-03-13 21:03:52,377 [Worker-31] INFO  o.e.m.c.i.embedder.EclipseLogger - skip non existing resourceDirectory M:\com.OrangeHRM\OrangeHRM\src\main\resources
2018-03-13 21:03:52,380 [Worker-31] INFO  o.e.m.c.i.embedder.EclipseLogger - Using 'UTF-8' encoding to copy filtered resources.
2018-03-13 21:03:52,380 [Worker-31] INFO  o.e.m.c.i.embedder.EclipseLogger - skip non existing resourceDirectory M:\com.OrangeHRM\OrangeHRM\src\test\resources
2018-03-13 21:03:57,562 [Worker-37] INFO  o.e.m.c.i.embedder.EclipseLogger - Using 'UTF-8' encoding to copy filtered resources.
2018-03-13 21:03:57,562 [Worker-37] INFO  o.e.m.c.i.embedder.EclipseLogger - skip non existing resourceDirectory M:\com.OrangeHRM\OrangeHRM\src\main\resources
2018-03-13 21:03:57,564 [Worker-37] INFO  o.e.m.c.i.embedder.EclipseLogger - Using 'UTF-8' encoding to copy filtered resources.
2018-03-13 21:03:57,564 [Worker-37] INFO  o.e.m.c.i.embedder.EclipseLogger - skip non existing resourceDirectory M:\com.OrangeHRM\OrangeHRM\src\test\resources
2018-03-13 21:04:42,571 [Worker-33] INFO  o.e.m.c.i.embedder.EclipseLogger - Using 'UTF-8' encoding to copy filtered resources.
2018-03-13 21:04:42,572 [Worker-33] INFO  o.e.m.c.i.embedder.EclipseLogger - skip non existing resourceDirectory M:\com.OrangeHRM\OrangeHRM\src\main\resources
2018-03-13 21:04:42,573 [Worker-33] INFO  o.e.m.c.i.embedder.EclipseLogger - Using 'UTF-8' encoding to copy filtered resources.
2018-03-13 21:04:42,573 [Worker-33] INFO  o.e.m.c.i.embedder.EclipseLogger - skip non existing resourceDirectory M:\com.OrangeHRM\OrangeHRM\src\test\resources
2018-03-13 21:04:54,748 [Worker-37] INFO  o.e.m.c.i.embedder.EclipseLogger - Using 'UTF-8' encoding to copy filtered resources.
2018-03-13 21:04:54,748 [Worker-37] INFO  o.e.m.c.i.embedder.EclipseLogger - skip non existing resourceDirectory M:\com.OrangeHRM\OrangeHRM\src\main\resources
2018-03-13 21:04:54,750 [Worker-37] INFO  o.e.m.c.i.embedder.EclipseLogger - Using 'UTF-8' encoding to copy filtered resources.
2018-03-13 21:04:54,750 [Worker-37] INFO  o.e.m.c.i.embedder.EclipseLogger - skip non existing resourceDirectory M:\com.OrangeHRM\OrangeHRM\src\test\resources
2018-03-13 21:05:27,500 [Worker-34] INFO  o.e.m.c.i.embedder.EclipseLogger - Using 'UTF-8' encoding to copy filtered resources.
2018-03-13 21:05:27,501 [Worker-34] INFO  o.e.m.c.i.embedder.EclipseLogger - skip non existing resourceDirectory M:\com.OrangeHRM\OrangeHRM\src\main\resources
2018-03-13 21:05:27,503 [Worker-34] INFO  o.e.m.c.i.embedder.EclipseLogger - Using 'UTF-8' encoding to copy filtered resources.
2018-03-13 21:05:27,503 [Worker-34] INFO  o.e.m.c.i.embedder.EclipseLogger - skip non existing resourceDirectory M:\com.OrangeHRM\OrangeHRM\src\test\resources
2018-03-13 21:05:31,773 [Worker-37] INFO  o.e.m.c.i.embedder.EclipseLogger - Using 'UTF-8' encoding to copy filtered resources.
2018-03-13 21:05:31,774 [Worker-37] INFO  o.e.m.c.i.embedder.EclipseLogger - skip non existing resourceDirectory M:\com.OrangeHRM\OrangeHRM\src\main\resources
2018-03-13 21:05:31,776 [Worker-37] INFO  o.e.m.c.i.embedder.EclipseLogger - Using 'UTF-8' encoding to copy filtered resources.
2018-03-13 21:05:31,776 [Worker-37] INFO  o.e.m.c.i.embedder.EclipseLogger - skip non existing resourceDirectory M:\com.OrangeHRM\OrangeHRM\src\test\resources
2018-03-13 21:07:29,614 [Worker-34] INFO  o.e.m.c.i.embedder.EclipseLogger - Using 'UTF-8' encoding to copy filtered resources.
2018-03-13 21:07:29,614 [Worker-34] INFO  o.e.m.c.i.embedder.EclipseLogger - skip non existing resourceDirectory M:\com.OrangeHRM\OrangeHRM\src\main\resources
2018-03-13 21:07:29,615 [Worker-34] INFO  o.e.m.c.i.embedder.EclipseLogger - Using 'UTF-8' encoding to copy filtered resources.
2018-03-13 21:07:29,616 [Worker-34] INFO  o.e.m.c.i.embedder.EclipseLogger - skip non existing resourceDirectory M:\com.OrangeHRM\OrangeHRM\src\test\resources
2018-03-13 21:07:36,258 [Worker-37] INFO  o.e.m.c.i.embedder.EclipseLogger - Using 'UTF-8' encoding to copy filtered resources.
2018-03-13 21:07:36,258 [Worker-37] INFO  o.e.m.c.i.embedder.EclipseLogger - skip non existing resourceDirectory M:\com.OrangeHRM\OrangeHRM\src\main\resources
2018-03-13 21:07:36,260 [Worker-37] INFO  o.e.m.c.i.embedder.EclipseLogger - Using 'UTF-8' encoding to copy filtered resources.
2018-03-13 21:07:36,260 [Worker-37] INFO  o.e.m.c.i.embedder.EclipseLogger - skip non existing resourceDirectory M:\com.OrangeHRM\OrangeHRM\src\test\resources
2018-03-13 21:07:49,560 [Worker-40] INFO  o.e.m.c.i.embedder.EclipseLogger - Using 'UTF-8' encoding to copy filtered resources.
2018-03-13 21:07:49,561 [Worker-40] INFO  o.e.m.c.i.embedder.EclipseLogger - skip non existing resourceDirectory M:\com.OrangeHRM\OrangeHRM\src\main\resources
2018-03-13 21:07:49,562 [Worker-40] INFO  o.e.m.c.i.embedder.EclipseLogger - Using 'UTF-8' encoding to copy filtered resources.
2018-03-13 21:07:49,562 [Worker-40] INFO  o.e.m.c.i.embedder.EclipseLogger - skip non existing resourceDirectory M:\com.OrangeHRM\OrangeHRM\src\test\resources
2018-03-13 21:07:54,689 [Worker-38] INFO  o.e.m.c.i.embedder.EclipseLogger - Using 'UTF-8' encoding to copy filtered resources.
2018-03-13 21:07:54,689 [Worker-38] INFO  o.e.m.c.i.embedder.EclipseLogger - skip non existing resourceDirectory M:\com.OrangeHRM\OrangeHRM\src\main\resources
2018-03-13 21:07:54,691 [Worker-38] INFO  o.e.m.c.i.embedder.EclipseLogger - Using 'UTF-8' encoding to copy filtered resources.
2018-03-13 21:07:54,691 [Worker-38] INFO  o.e.m.c.i.embedder.EclipseLogger - skip non existing resourceDirectory M:\com.OrangeHRM\OrangeHRM\src\test\resources
2018-03-13 21:08:04,252 [Worker-39] INFO  o.e.m.c.i.embedder.EclipseLogger - Using 'UTF-8' encoding to copy filtered resources.
2018-03-13 21:08:04,252 [Worker-39] INFO  o.e.m.c.i.embedder.EclipseLogger - skip non existing resourceDirectory M:\com.OrangeHRM\OrangeHRM\src\main\resources
2018-03-13 21:08:04,254 [Worker-39] INFO  o.e.m.c.i.embedder.EclipseLogger - Using 'UTF-8' encoding to copy filtered resources.
2018-03-13 21:08:04,254 [Worker-39] INFO  o.e.m.c.i.embedder.EclipseLogger - skip non existing resourceDirectory M:\com.OrangeHRM\OrangeHRM\src\test\resources
2018-03-13 21:08:14,845 [Worker-41] INFO  o.e.m.c.i.embedder.EclipseLogger - Using 'UTF-8' encoding to copy filtered resources.
2018-03-13 21:08:14,846 [Worker-41] INFO  o.e.m.c.i.embedder.EclipseLogger - skip non existing resourceDirectory M:\com.OrangeHRM\OrangeHRM\src\main\resources
2018-03-13 21:08:14,848 [Worker-41] INFO  o.e.m.c.i.embedder.EclipseLogger - Using 'UTF-8' encoding to copy filtered resources.
2018-03-13 21:08:14,848 [Worker-41] INFO  o.e.m.c.i.embedder.EclipseLogger - skip non existing resourceDirectory M:\com.OrangeHRM\OrangeHRM\src\test\resources
2018-03-13 21:08:48,344 [Worker-34] INFO  o.e.m.c.i.embedder.EclipseLogger - Using 'UTF-8' encoding to copy filtered resources.
2018-03-13 21:08:48,344 [Worker-34] INFO  o.e.m.c.i.embedder.EclipseLogger - skip non existing resourceDirectory M:\com.OrangeHRM\OrangeHRM\src\main\resources
2018-03-13 21:08:48,347 [Worker-34] INFO  o.e.m.c.i.embedder.EclipseLogger - Using 'UTF-8' encoding to copy filtered resources.
2018-03-13 21:08:48,347 [Worker-34] INFO  o.e.m.c.i.embedder.EclipseLogger - skip non existing resourceDirectory M:\com.OrangeHRM\OrangeHRM\src\test\resources
2018-03-13 21:09:59,227 [Worker-36] INFO  o.e.m.c.i.embedder.EclipseLogger - Using 'UTF-8' encoding to copy filtered resources.
2018-03-13 21:09:59,228 [Worker-36] INFO  o.e.m.c.i.embedder.EclipseLogger - skip non existing resourceDirectory M:\com.OrangeHRM\OrangeHRM\src\main\resources
2018-03-13 21:09:59,230 [Worker-36] INFO  o.e.m.c.i.embedder.EclipseLogger - Using 'UTF-8' encoding to copy filtered resources.
2018-03-13 21:09:59,230 [Worker-36] INFO  o.e.m.c.i.embedder.EclipseLogger - skip non existing resourceDirectory M:\com.OrangeHRM\OrangeHRM\src\test\resources
2018-03-13 21:10:03,588 [Worker-41] INFO  o.e.m.c.i.embedder.EclipseLogger - Using 'UTF-8' encoding to copy filtered resources.
2018-03-13 21:10:03,589 [Worker-41] INFO  o.e.m.c.i.embedder.EclipseLogger - skip non existing resourceDirectory M:\com.OrangeHRM\OrangeHRM\src\main\resources
2018-03-13 21:10:03,593 [Worker-41] INFO  o.e.m.c.i.embedder.EclipseLogger - Using 'UTF-8' encoding to copy filtered resources.
2018-03-13 21:10:03,593 [Worker-41] INFO  o.e.m.c.i.embedder.EclipseLogger - skip non existing resourceDirectory M:\com.OrangeHRM\OrangeHRM\src\test\resources
2018-03-13 21:13:34,691 [Worker-44] INFO  o.e.m.c.i.embedder.EclipseLogger - Using 'UTF-8' encoding to copy filtered resources.
2018-03-13 21:13:34,691 [Worker-44] INFO  o.e.m.c.i.embedder.EclipseLogger - skip non existing resourceDirectory M:\com.OrangeHRM\OrangeHRM\src\main\resources
2018-03-13 21:13:34,694 [Worker-44] INFO  o.e.m.c.i.embedder.EclipseLogger - Using 'UTF-8' encoding to copy filtered resources.
2018-03-13 21:13:34,695 [Worker-44] INFO  o.e.m.c.i.embedder.EclipseLogger - skip non existing resourceDirectory M:\com.OrangeHRM\OrangeHRM\src\test\resources
2018-03-13 21:14:03,705 [Worker-44] INFO  o.e.m.c.i.embedder.EclipseLogger - Using 'UTF-8' encoding to copy filtered resources.
2018-03-13 21:14:03,706 [Worker-44] INFO  o.e.m.c.i.embedder.EclipseLogger - skip non existing resourceDirectory M:\com.OrangeHRM\OrangeHRM\src\main\resources
2018-03-13 21:14:03,707 [Worker-44] INFO  o.e.m.c.i.embedder.EclipseLogger - Using 'UTF-8' encoding to copy filtered resources.
2018-03-13 21:14:03,707 [Worker-44] INFO  o.e.m.c.i.embedder.EclipseLogger - skip non existing resourceDirectory M:\com.OrangeHRM\OrangeHRM\src\test\resources
2018-03-13 21:14:34,788 [Worker-37] INFO  o.e.m.c.i.embedder.EclipseLogger - Using 'UTF-8' encoding to copy filtered resources.
2018-03-13 21:14:34,788 [Worker-37] INFO  o.e.m.c.i.embedder.EclipseLogger - skip non existing resourceDirectory M:\com.OrangeHRM\OrangeHRM\src\main\resources
2018-03-13 21:14:34,789 [Worker-37] INFO  o.e.m.c.i.embedder.EclipseLogger - Using 'UTF-8' encoding to copy filtered resources.
2018-03-13 21:14:34,790 [Worker-37] INFO  o.e.m.c.i.embedder.EclipseLogger - skip non existing resourceDirectory M:\com.OrangeHRM\OrangeHRM\src\test\resources
2018-03-13 21:14:53,412 [Worker-47] INFO  o.e.m.c.i.embedder.EclipseLogger - Using 'UTF-8' encoding to copy filtered resources.
2018-03-13 21:14:53,412 [Worker-47] INFO  o.e.m.c.i.embedder.EclipseLogger - skip non existing resourceDirectory M:\com.OrangeHRM\OrangeHRM\src\main\resources
2018-03-13 21:14:53,414 [Worker-47] INFO  o.e.m.c.i.embedder.EclipseLogger - Using 'UTF-8' encoding to copy filtered resources.
2018-03-13 21:14:53,414 [Worker-47] INFO  o.e.m.c.i.embedder.EclipseLogger - skip non existing resourceDirectory M:\com.OrangeHRM\OrangeHRM\src\test\resources
2018-03-14 19:39:35,088 [Worker-9] INFO  o.e.m.c.i.embedder.EclipseLogger - Using 'UTF-8' encoding to copy filtered resources.
2018-03-14 19:39:35,118 [Worker-9] INFO  o.e.m.c.i.embedder.EclipseLogger - skip non existing resourceDirectory M:\com.OrangeHRM\OrangeHRM\src\main\resources
2018-03-14 19:39:35,120 [Worker-9] INFO  o.e.m.c.i.embedder.EclipseLogger - Using 'UTF-8' encoding to copy filtered resources.
2018-03-14 19:39:35,120 [Worker-9] INFO  o.e.m.c.i.embedder.EclipseLogger - skip non existing resourceDirectory M:\com.OrangeHRM\OrangeHRM\src\test\resources
2018-03-14 19:40:57,419 [Worker-4] INFO  o.e.m.c.i.embedder.EclipseLogger - Using 'UTF-8' encoding to copy filtered resources.
2018-03-14 19:40:57,424 [Worker-4] INFO  o.e.m.c.i.embedder.EclipseLogger - skip non existing resourceDirectory M:\com.OrangeHRM\OrangeHRM\src\main\resources
2018-03-14 19:40:57,428 [Worker-4] INFO  o.e.m.c.i.embedder.EclipseLogger - Using 'UTF-8' encoding to copy filtered resources.
2018-03-14 19:40:57,428 [Worker-4] INFO  o.e.m.c.i.embedder.EclipseLogger - skip non existing resourceDirectory M:\com.OrangeHRM\OrangeHRM\src\test\resources
2018-03-14 19:41:44,213 [Worker-14] INFO  o.e.m.c.i.embedder.EclipseLogger - Using 'UTF-8' encoding to copy filtered resources.
2018-03-14 19:41:44,213 [Worker-14] INFO  o.e.m.c.i.embedder.EclipseLogger - skip non existing resourceDirectory M:\com.OrangeHRM\OrangeHRM\src\main\resources
2018-03-14 19:41:44,216 [Worker-14] INFO  o.e.m.c.i.embedder.EclipseLogger - Using 'UTF-8' encoding to copy filtered resources.
2018-03-14 19:41:44,216 [Worker-14] INFO  o.e.m.c.i.embedder.EclipseLogger - skip non existing resourceDirectory M:\com.OrangeHRM\OrangeHRM\src\test\resources
2018-03-14 19:42:01,663 [Worker-9] INFO  o.e.m.c.i.embedder.EclipseLogger - Using 'UTF-8' encoding to copy filtered resources.
2018-03-14 19:42:01,663 [Worker-9] INFO  o.e.m.c.i.embedder.EclipseLogger - skip non existing resourceDirectory M:\com.OrangeHRM\OrangeHRM\src\main\resources
2018-03-14 19:42:01,665 [Worker-9] INFO  o.e.m.c.i.embedder.EclipseLogger - Using 'UTF-8' encoding to copy filtered resources.
2018-03-14 19:42:01,665 [Worker-9] INFO  o.e.m.c.i.embedder.EclipseLogger - skip non existing resourceDirectory M:\com.OrangeHRM\OrangeHRM\src\test\resources
2018-03-14 19:42:32,857 [Worker-6] INFO  o.e.m.c.i.embedder.EclipseLogger - Using 'UTF-8' encoding to copy filtered resources.
2018-03-14 19:42:32,858 [Worker-6] INFO  o.e.m.c.i.embedder.EclipseLogger - skip non existing resourceDirectory M:\com.OrangeHRM\OrangeHRM\src\main\resources
2018-03-14 19:42:32,859 [Worker-6] INFO  o.e.m.c.i.embedder.EclipseLogger - Using 'UTF-8' encoding to copy filtered resources.
2018-03-14 19:42:32,859 [Worker-6] INFO  o.e.m.c.i.embedder.EclipseLogger - skip non existing resourceDirectory M:\com.OrangeHRM\OrangeHRM\src\test\resources
2018-03-14 19:43:03,959 [Worker-6] INFO  o.e.m.c.i.embedder.EclipseLogger - Using 'UTF-8' encoding to copy filtered resources.
2018-03-14 19:43:03,960 [Worker-6] INFO  o.e.m.c.i.embedder.EclipseLogger - skip non existing resourceDirectory M:\com.OrangeHRM\OrangeHRM\src\main\resources
2018-03-14 19:43:03,961 [Worker-6] INFO  o.e.m.c.i.embedder.EclipseLogger - Using 'UTF-8' encoding to copy filtered resources.
2018-03-14 19:43:03,961 [Worker-6] INFO  o.e.m.c.i.embedder.EclipseLogger - skip non existing resourceDirectory M:\com.OrangeHRM\OrangeHRM\src\test\resources
2018-03-14 19:47:48,537 [Worker-18] INFO  o.e.m.c.i.embedder.EclipseLogger - Using 'UTF-8' encoding to copy filtered resources.
2018-03-14 19:47:48,537 [Worker-18] INFO  o.e.m.c.i.embedder.EclipseLogger - skip non existing resourceDirectory M:\com.OrangeHRM\OrangeHRM\src\main\resources
2018-03-14 19:47:48,539 [Worker-18] INFO  o.e.m.c.i.embedder.EclipseLogger - Using 'UTF-8' encoding to copy filtered resources.
2018-03-14 19:47:48,540 [Worker-18] INFO  o.e.m.c.i.embedder.EclipseLogger - skip non existing resourceDirectory M:\com.OrangeHRM\OrangeHRM\src\test\resources
2018-03-14 20:06:21,287 [Worker-32] INFO  o.e.m.c.i.embedder.EclipseLogger - Using 'UTF-8' encoding to copy filtered resources.
2018-03-14 20:06:21,287 [Worker-32] INFO  o.e.m.c.i.embedder.EclipseLogger - skip non existing resourceDirectory M:\com.OrangeHRM\OrangeHRM\src\main\resources
2018-03-14 20:06:21,290 [Worker-32] INFO  o.e.m.c.i.embedder.EclipseLogger - Using 'UTF-8' encoding to copy filtered resources.
2018-03-14 20:06:21,290 [Worker-32] INFO  o.e.m.c.i.embedder.EclipseLogger - skip non existing resourceDirectory M:\com.OrangeHRM\OrangeHRM\src\test\resources
2018-03-14 20:06:30,585 [Worker-33] INFO  o.e.m.c.i.embedder.EclipseLogger - Using 'UTF-8' encoding to copy filtered resources.
2018-03-14 20:06:30,585 [Worker-33] INFO  o.e.m.c.i.embedder.EclipseLogger - skip non existing resourceDirectory M:\com.OrangeHRM\OrangeHRM\src\main\resources
2018-03-14 20:06:30,587 [Worker-33] INFO  o.e.m.c.i.embedder.EclipseLogger - Using 'UTF-8' encoding to copy filtered resources.
2018-03-14 20:06:30,587 [Worker-33] INFO  o.e.m.c.i.embedder.EclipseLogger - skip non existing resourceDirectory M:\com.OrangeHRM\OrangeHRM\src\test\resources
2018-03-14 20:09:54,898 [main] INFO  o.e.m2e.actions.ExecutePomAction - Creating new launch configuration
2018-03-14 20:09:58,368 [Worker-28] INFO  o.e.m.i.launch.MavenLaunchDelegate - M:\com.OrangeHRM\OrangeHRM
2018-03-14 20:09:58,369 [Worker-28] INFO  o.e.m.i.launch.MavenLaunchDelegate -  mvn -B 
2018-03-14 20:10:36,753 [Worker-35] INFO  o.e.m.c.i.embedder.EclipseLogger - Using 'UTF-8' encoding to copy filtered resources.
2018-03-14 20:10:36,754 [Worker-35] INFO  o.e.m.c.i.embedder.EclipseLogger - skip non existing resourceDirectory M:\com.OrangeHRM\OrangeHRM\src\main\resources
2018-03-14 20:10:36,757 [Worker-35] INFO  o.e.m.c.i.embedder.EclipseLogger - Using 'UTF-8' encoding to copy filtered resources.
2018-03-14 20:10:36,757 [Worker-35] INFO  o.e.m.c.i.embedder.EclipseLogger - skip non existing resourceDirectory M:\com.OrangeHRM\OrangeHRM\src\test\resources
2018-03-14 20:13:23,368 [Worker-33] INFO  o.e.m.c.i.embedder.EclipseLogger - Using 'UTF-8' encoding to copy filtered resources.
2018-03-14 20:13:23,368 [Worker-33] INFO  o.e.m.c.i.embedder.EclipseLogger - skip non existing resourceDirectory M:\com.OrangeHRM\OrangeHRM\src\main\resources
2018-03-14 20:13:23,370 [Worker-33] INFO  o.e.m.c.i.embedder.EclipseLogger - Using 'UTF-8' encoding to copy filtered resources.
2018-03-14 20:13:23,370 [Worker-33] INFO  o.e.m.c.i.embedder.EclipseLogger - skip non existing resourceDirectory M:\com.OrangeHRM\OrangeHRM\src\test\resources
2018-03-14 20:13:32,669 [main] INFO  o.e.m2e.actions.ExecutePomAction - Creating new launch configuration
2018-03-14 20:13:34,724 [Worker-28] INFO  o.e.m.i.launch.MavenLaunchDelegate - M:\com.OrangeHRM\OrangeHRM
2018-03-14 20:13:34,724 [Worker-28] INFO  o.e.m.i.launch.MavenLaunchDelegate -  mvn -B 
2018-03-14 20:15:02,876 [main] INFO  o.e.m2e.actions.ExecutePomAction - Creating new launch configuration
2018-03-14 20:15:07,830 [Worker-40] INFO  o.e.m.i.launch.MavenLaunchDelegate - M:\com.OrangeHRM\OrangeHRM
2018-03-14 20:15:07,830 [Worker-40] INFO  o.e.m.i.launch.MavenLaunchDelegate -  mvn -B test
2018-03-14 20:19:12,251 [Worker-44] INFO  o.e.m.c.i.embedder.EclipseLogger - Using 'UTF-8' encoding to copy filtered resources.
2018-03-14 20:19:12,252 [Worker-44] INFO  o.e.m.c.i.embedder.EclipseLogger - skip non existing resourceDirectory M:\com.OrangeHRM\OrangeHRM\src\main\resources
2018-03-14 20:19:12,255 [Worker-44] INFO  o.e.m.c.i.embedder.EclipseLogger - Using 'UTF-8' encoding to copy filtered resources.
2018-03-14 20:19:12,255 [Worker-44] INFO  o.e.m.c.i.embedder.EclipseLogger - skip non existing resourceDirectory M:\com.OrangeHRM\OrangeHRM\src\test\resources
2018-03-14 20:19:22,322 [Worker-44] INFO  o.e.m.c.i.embedder.EclipseLogger - Using 'UTF-8' encoding to copy filtered resources.
2018-03-14 20:19:22,322 [Worker-44] INFO  o.e.m.c.i.embedder.EclipseLogger - skip non existing resourceDirectory M:\com.OrangeHRM\OrangeHRM\src\main\resources
2018-03-14 20:19:22,324 [Worker-44] INFO  o.e.m.c.i.embedder.EclipseLogger - Using 'UTF-8' encoding to copy filtered resources.
2018-03-14 20:19:22,324 [Worker-44] INFO  o.e.m.c.i.embedder.EclipseLogger - skip non existing resourceDirectory M:\com.OrangeHRM\OrangeHRM\src\test\resources
2018-03-14 20:19:47,057 [Worker-44] INFO  o.e.m.c.i.embedder.EclipseLogger - Using 'UTF-8' encoding to copy filtered resources.
2018-03-14 20:19:47,057 [Worker-44] INFO  o.e.m.c.i.embedder.EclipseLogger - skip non existing resourceDirectory M:\com.OrangeHRM\OrangeHRM\src\main\resources
2018-03-14 20:19:47,060 [Worker-44] INFO  o.e.m.c.i.embedder.EclipseLogger - Using 'UTF-8' encoding to copy filtered resources.
2018-03-14 20:19:47,060 [Worker-44] INFO  o.e.m.c.i.embedder.EclipseLogger - skip non existing resourceDirectory M:\com.OrangeHRM\OrangeHRM\src\test\resources
2018-03-14 20:21:20,747 [Worker-41] INFO  o.e.m.c.i.embedder.EclipseLogger - Using 'UTF-8' encoding to copy filtered resources.
2018-03-14 20:21:20,747 [Worker-41] INFO  o.e.m.c.i.embedder.EclipseLogger - skip non existing resourceDirectory M:\com.OrangeHRM\OrangeHRM\src\main\resources
2018-03-14 20:21:20,749 [Worker-41] INFO  o.e.m.c.i.embedder.EclipseLogger - Using 'UTF-8' encoding to copy filtered resources.
2018-03-14 20:21:20,749 [Worker-41] INFO  o.e.m.c.i.embedder.EclipseLogger - skip non existing resourceDirectory M:\com.OrangeHRM\OrangeHRM\src\test\resources
2018-03-14 20:21:25,884 [Worker-46] INFO  o.e.m.c.i.embedder.EclipseLogger - Using 'UTF-8' encoding to copy filtered resources.
2018-03-14 20:21:25,885 [Worker-46] INFO  o.e.m.c.i.embedder.EclipseLogger - skip non existing resourceDirectory M:\com.OrangeHRM\OrangeHRM\src\main\resources
2018-03-14 20:21:25,888 [Worker-46] INFO  o.e.m.c.i.embedder.EclipseLogger - Using 'UTF-8' encoding to copy filtered resources.
2018-03-14 20:21:25,888 [Worker-46] INFO  o.e.m.c.i.embedder.EclipseLogger - skip non existing resourceDirectory M:\com.OrangeHRM\OrangeHRM\src\test\resources
2018-03-14 20:21:42,436 [Worker-46] INFO  o.e.m.c.i.embedder.EclipseLogger - Using 'UTF-8' encoding to copy filtered resources.
2018-03-14 20:21:42,436 [Worker-46] INFO  o.e.m.c.i.embedder.EclipseLogger - skip non existing resourceDirectory M:\com.OrangeHRM\OrangeHRM\src\main\resources
2018-03-14 20:21:42,438 [Worker-46] INFO  o.e.m.c.i.embedder.EclipseLogger - Using 'UTF-8' encoding to copy filtered resources.
2018-03-14 20:21:42,438 [Worker-46] INFO  o.e.m.c.i.embedder.EclipseLogger - skip non existing resourceDirectory M:\com.OrangeHRM\OrangeHRM\src\test\resources
2018-03-14 20:22:25,889 [Worker-41] INFO  o.e.m.c.i.embedder.EclipseLogger - Using 'UTF-8' encoding to copy filtered resources.
2018-03-14 20:22:25,890 [Worker-41] INFO  o.e.m.c.i.embedder.EclipseLogger - skip non existing resourceDirectory M:\com.OrangeHRM\OrangeHRM\src\main\resources
2018-03-14 20:22:25,891 [Worker-41] INFO  o.e.m.c.i.embedder.EclipseLogger - Using 'UTF-8' encoding to copy filtered resources.
2018-03-14 20:22:25,892 [Worker-41] INFO  o.e.m.c.i.embedder.EclipseLogger - skip non existing resourceDirectory M:\com.OrangeHRM\OrangeHRM\src\test\resources
2018-03-14 20:26:12,858 [Worker-44] INFO  o.e.m.c.i.embedder.EclipseLogger - Using 'UTF-8' encoding to copy filtered resources.
2018-03-14 20:26:12,858 [Worker-44] INFO  o.e.m.c.i.embedder.EclipseLogger - skip non existing resourceDirectory M:\com.OrangeHRM\OrangeHRM\src\main\resources
2018-03-14 20:26:12,861 [Worker-44] INFO  o.e.m.c.i.embedder.EclipseLogger - Using 'UTF-8' encoding to copy filtered resources.
2018-03-14 20:26:12,861 [Worker-44] INFO  o.e.m.c.i.embedder.EclipseLogger - skip non existing resourceDirectory M:\com.OrangeHRM\OrangeHRM\src\test\resources
2018-03-14 20:26:43,295 [Worker-41] INFO  o.e.m.c.i.embedder.EclipseLogger - Using 'UTF-8' encoding to copy filtered resources.
2018-03-14 20:26:43,295 [Worker-41] INFO  o.e.m.c.i.embedder.EclipseLogger - skip non existing resourceDirectory M:\com.OrangeHRM\OrangeHRM\src\main\resources
2018-03-14 20:26:43,297 [Worker-41] INFO  o.e.m.c.i.embedder.EclipseLogger - Using 'UTF-8' encoding to copy filtered resources.
2018-03-14 20:26:43,298 [Worker-41] INFO  o.e.m.c.i.embedder.EclipseLogger - skip non existing resourceDirectory M:\com.OrangeHRM\OrangeHRM\src\test\resources
2018-03-14 20:31:56,629 [Worker-54] INFO  o.e.m.c.i.embedder.EclipseLogger - Using 'UTF-8' encoding to copy filtered resources.
2018-03-14 20:31:56,629 [Worker-54] INFO  o.e.m.c.i.embedder.EclipseLogger - skip non existing resourceDirectory M:\com.OrangeHRM\OrangeHRM\src\main\resources
2018-03-14 20:31:56,631 [Worker-54] INFO  o.e.m.c.i.embedder.EclipseLogger - Using 'UTF-8' encoding to copy filtered resources.
2018-03-14 20:31:56,631 [Worker-54] INFO  o.e.m.c.i.embedder.EclipseLogger - skip non existing resourceDirectory M:\com.OrangeHRM\OrangeHRM\src\test\resources
2018-03-14 20:32:10,871 [Worker-54] INFO  o.e.m.c.i.embedder.EclipseLogger - Using 'UTF-8' encoding to copy filtered resources.
2018-03-14 20:32:10,871 [Worker-54] INFO  o.e.m.c.i.embedder.EclipseLogger - skip non existing resourceDirectory M:\com.OrangeHRM\OrangeHRM\src\main\resources
2018-03-14 20:32:10,873 [Worker-54] INFO  o.e.m.c.i.embedder.EclipseLogger - Using 'UTF-8' encoding to copy filtered resources.
2018-03-14 20:32:10,873 [Worker-54] INFO  o.e.m.c.i.embedder.EclipseLogger - skip non existing resourceDirectory M:\com.OrangeHRM\OrangeHRM\src\test\resources
2018-03-14 20:32:31,086 [Worker-56] INFO  o.e.m.c.i.embedder.EclipseLogger - Using 'UTF-8' encoding to copy filtered resources.
2018-03-14 20:32:31,087 [Worker-56] INFO  o.e.m.c.i.embedder.EclipseLogger - skip non existing resourceDirectory M:\com.OrangeHRM\OrangeHRM\src\main\resources
2018-03-14 20:32:31,089 [Worker-56] INFO  o.e.m.c.i.embedder.EclipseLogger - Using 'UTF-8' encoding to copy filtered resources.
2018-03-14 20:32:31,089 [Worker-56] INFO  o.e.m.c.i.embedder.EclipseLogger - skip non existing resourceDirectory M:\com.OrangeHRM\OrangeHRM\src\test\resources
2018-03-14 20:34:50,060 [Worker-45] INFO  o.e.m.c.i.embedder.EclipseLogger - Using 'UTF-8' encoding to copy filtered resources.
2018-03-14 20:34:50,060 [Worker-45] INFO  o.e.m.c.i.embedder.EclipseLogger - skip non existing resourceDirectory M:\com.OrangeHRM\OrangeHRM\src\main\resources
2018-03-14 20:34:50,061 [Worker-45] INFO  o.e.m.c.i.embedder.EclipseLogger - Using 'UTF-8' encoding to copy filtered resources.
2018-03-14 20:34:50,061 [Worker-45] INFO  o.e.m.c.i.embedder.EclipseLogger - skip non existing resourceDirectory M:\com.OrangeHRM\OrangeHRM\src\test\resources
2018-03-14 20:34:55,551 [Worker-56] INFO  o.e.m.c.i.embedder.EclipseLogger - Using 'UTF-8' encoding to copy filtered resources.
2018-03-14 20:34:55,551 [Worker-56] INFO  o.e.m.c.i.embedder.EclipseLogger - skip non existing resourceDirectory M:\com.OrangeHRM\OrangeHRM\src\main\resources
2018-03-14 20:34:55,552 [Worker-56] INFO  o.e.m.c.i.embedder.EclipseLogger - Using 'UTF-8' encoding to copy filtered resources.
2018-03-14 20:34:55,553 [Worker-56] INFO  o.e.m.c.i.embedder.EclipseLogger - skip non existing resourceDirectory M:\com.OrangeHRM\OrangeHRM\src\test\resources
2018-03-15 19:32:09,784 [Worker-27] INFO  o.e.m.c.i.embedder.EclipseLogger - Using 'UTF-8' encoding to copy filtered resources.
2018-03-15 19:32:09,812 [Worker-27] INFO  o.e.m.c.i.embedder.EclipseLogger - skip non existing resourceDirectory M:\com.OrangeHRM\OrangeHRM\src\main\resources
2018-03-15 19:32:09,815 [Worker-27] INFO  o.e.m.c.i.embedder.EclipseLogger - Using 'UTF-8' encoding to copy filtered resources.
2018-03-15 19:32:09,815 [Worker-27] INFO  o.e.m.c.i.embedder.EclipseLogger - skip non existing resourceDirectory M:\com.OrangeHRM\OrangeHRM\src\test\resources
2018-03-15 19:32:28,224 [Worker-26] INFO  o.e.m.c.i.embedder.EclipseLogger - Using 'UTF-8' encoding to copy filtered resources.
2018-03-15 19:32:28,225 [Worker-26] INFO  o.e.m.c.i.embedder.EclipseLogger - skip non existing resourceDirectory M:\com.OrangeHRM\OrangeHRM\src\main\resources
2018-03-15 19:32:28,227 [Worker-26] INFO  o.e.m.c.i.embedder.EclipseLogger - Using 'UTF-8' encoding to copy filtered resources.
2018-03-15 19:32:28,227 [Worker-26] INFO  o.e.m.c.i.embedder.EclipseLogger - skip non existing resourceDirectory M:\com.OrangeHRM\OrangeHRM\src\test\resources
2018-03-15 19:34:06,649 [Worker-19] INFO  o.e.m.c.i.embedder.EclipseLogger - Using 'UTF-8' encoding to copy filtered resources.
2018-03-15 19:34:06,649 [Worker-19] INFO  o.e.m.c.i.embedder.EclipseLogger - skip non existing resourceDirectory M:\com.OrangeHRM\OrangeHRM\src\main\resources
2018-03-15 19:34:06,650 [Worker-19] INFO  o.e.m.c.i.embedder.EclipseLogger - Using 'UTF-8' encoding to copy filtered resources.
2018-03-15 19:34:06,650 [Worker-19] INFO  o.e.m.c.i.embedder.EclipseLogger - skip non existing resourceDirectory M:\com.OrangeHRM\OrangeHRM\src\test\resources
2018-03-15 19:35:35,431 [Worker-28] INFO  o.e.m.c.i.embedder.EclipseLogger - Using 'UTF-8' encoding to copy filtered resources.
2018-03-15 19:35:35,431 [Worker-28] INFO  o.e.m.c.i.embedder.EclipseLogger - skip non existing resourceDirectory M:\com.OrangeHRM\OrangeHRM\src\main\resources
2018-03-15 19:35:35,433 [Worker-28] INFO  o.e.m.c.i.embedder.EclipseLogger - Using 'UTF-8' encoding to copy filtered resources.
2018-03-15 19:35:35,434 [Worker-28] INFO  o.e.m.c.i.embedder.EclipseLogger - skip non existing resourceDirectory M:\com.OrangeHRM\OrangeHRM\src\test\resources
2018-03-15 19:36:14,761 [Worker-31] INFO  o.e.m.c.i.embedder.EclipseLogger - Using 'UTF-8' encoding to copy filtered resources.
2018-03-15 19:36:14,761 [Worker-31] INFO  o.e.m.c.i.embedder.EclipseLogger - skip non existing resourceDirectory M:\com.OrangeHRM\OrangeHRM\src\main\resources
2018-03-15 19:36:14,762 [Worker-31] INFO  o.e.m.c.i.embedder.EclipseLogger - Using 'UTF-8' encoding to copy filtered resources.
2018-03-15 19:36:14,763 [Worker-31] INFO  o.e.m.c.i.embedder.EclipseLogger - skip non existing resourceDirectory M:\com.OrangeHRM\OrangeHRM\src\test\resources
2018-03-15 19:36:39,876 [Worker-31] INFO  o.e.m.c.i.embedder.EclipseLogger - Using 'UTF-8' encoding to copy filtered resources.
2018-03-15 19:36:39,876 [Worker-31] INFO  o.e.m.c.i.embedder.EclipseLogger - skip non existing resourceDirectory M:\com.OrangeHRM\OrangeHRM\src\main\resources
2018-03-15 19:36:39,877 [Worker-31] INFO  o.e.m.c.i.embedder.EclipseLogger - Using 'UTF-8' encoding to copy filtered resources.
2018-03-15 19:36:39,877 [Worker-31] INFO  o.e.m.c.i.embedder.EclipseLogger - skip non existing resourceDirectory M:\com.OrangeHRM\OrangeHRM\src\test\resources
2018-03-15 19:38:09,592 [Worker-28] INFO  o.e.m.c.i.embedder.EclipseLogger - Using 'UTF-8' encoding to copy filtered resources.
2018-03-15 19:38:09,592 [Worker-28] INFO  o.e.m.c.i.embedder.EclipseLogger - skip non existing resourceDirectory M:\com.OrangeHRM\OrangeHRM\src\main\resources
2018-03-15 19:38:09,593 [Worker-28] INFO  o.e.m.c.i.embedder.EclipseLogger - Using 'UTF-8' encoding to copy filtered resources.
2018-03-15 19:38:09,593 [Worker-28] INFO  o.e.m.c.i.embedder.EclipseLogger - skip non existing resourceDirectory M:\com.OrangeHRM\OrangeHRM\src\test\resources
2018-03-15 19:40:46,068 [main] INFO  o.e.m2e.actions.ExecutePomAction - Creating new launch configuration
2018-03-15 19:40:51,760 [Worker-19] INFO  o.e.m.i.launch.MavenLaunchDelegate - M:\com.OrangeHRM\OrangeHRM
2018-03-15 19:40:51,762 [Worker-19] INFO  o.e.m.i.launch.MavenLaunchDelegate -  mvn -B test
2018-03-16 08:10:33,720 [Worker-15] INFO  o.e.m.c.i.embedder.EclipseLogger - Using 'UTF-8' encoding to copy filtered resources.
2018-03-16 08:10:33,740 [Worker-15] INFO  o.e.m.c.i.embedder.EclipseLogger - skip non existing resourceDirectory M:\com.OrangeHRM\OrangeHRM\src\main\resources
2018-03-16 08:10:33,742 [Worker-15] INFO  o.e.m.c.i.embedder.EclipseLogger - Using 'UTF-8' encoding to copy filtered resources.
2018-03-16 08:10:33,742 [Worker-15] INFO  o.e.m.c.i.embedder.EclipseLogger - skip non existing resourceDirectory M:\com.OrangeHRM\OrangeHRM\src\test\resources
2018-03-16 09:09:27,812 [Worker-34] INFO  o.e.m.c.i.embedder.EclipseLogger - Using 'UTF-8' encoding to copy filtered resources.
2018-03-16 09:09:27,814 [Worker-34] INFO  o.e.m.c.i.embedder.EclipseLogger - skip non existing resourceDirectory M:\com.OrangeHRM\OrangeHRM\src\main\resources
2018-03-16 09:09:27,817 [Worker-34] INFO  o.e.m.c.i.embedder.EclipseLogger - Using 'UTF-8' encoding to copy filtered resources.
2018-03-16 09:09:27,817 [Worker-34] INFO  o.e.m.c.i.embedder.EclipseLogger - skip non existing resourceDirectory M:\com.OrangeHRM\OrangeHRM\src\test\resources
2018-03-16 09:25:39,699 [Worker-45] INFO  o.e.m.c.i.embedder.EclipseLogger - Using 'UTF-8' encoding to copy filtered resources.
2018-03-16 09:25:39,700 [Worker-45] INFO  o.e.m.c.i.embedder.EclipseLogger - skip non existing resourceDirectory M:\com.OrangeHRM\OrangeHRM\src\main\resources
2018-03-16 09:25:39,703 [Worker-45] INFO  o.e.m.c.i.embedder.EclipseLogger - Using 'UTF-8' encoding to copy filtered resources.
2018-03-16 09:25:39,703 [Worker-45] INFO  o.e.m.c.i.embedder.EclipseLogger - skip non existing resourceDirectory M:\com.OrangeHRM\OrangeHRM\src\test\resources
2018-03-16 09:29:10,107 [Worker-52] INFO  o.e.m.c.i.embedder.EclipseLogger - Using 'UTF-8' encoding to copy filtered resources.
2018-03-16 09:29:10,107 [Worker-52] INFO  o.e.m.c.i.embedder.EclipseLogger - skip non existing resourceDirectory M:\com.OrangeHRM\OrangeHRM\src\main\resources
2018-03-16 09:29:10,108 [Worker-52] INFO  o.e.m.c.i.embedder.EclipseLogger - Using 'UTF-8' encoding to copy filtered resources.
2018-03-16 09:29:10,109 [Worker-52] INFO  o.e.m.c.i.embedder.EclipseLogger - skip non existing resourceDirectory M:\com.OrangeHRM\OrangeHRM\src\test\resources
2018-03-16 09:32:29,206 [Worker-45] INFO  o.e.m.c.i.embedder.EclipseLogger - Using 'UTF-8' encoding to copy filtered resources.
2018-03-16 09:32:29,206 [Worker-45] INFO  o.e.m.c.i.embedder.EclipseLogger - skip non existing resourceDirectory M:\com.OrangeHRM\OrangeHRM\src\main\resources
2018-03-16 09:32:29,209 [Worker-45] INFO  o.e.m.c.i.embedder.EclipseLogger - Using 'UTF-8' encoding to copy filtered resources.
2018-03-16 09:32:29,209 [Worker-45] INFO  o.e.m.c.i.embedder.EclipseLogger - skip non existing resourceDirectory M:\com.OrangeHRM\OrangeHRM\src\test\resources
2018-03-16 09:36:16,593 [Worker-45] INFO  o.e.m.c.i.embedder.EclipseLogger - Using 'UTF-8' encoding to copy filtered resources.
2018-03-16 09:36:16,594 [Worker-45] INFO  o.e.m.c.i.embedder.EclipseLogger - skip non existing resourceDirectory M:\com.OrangeHRM\OrangeHRM\src\main\resources
2018-03-16 09:36:16,596 [Worker-45] INFO  o.e.m.c.i.embedder.EclipseLogger - Using 'UTF-8' encoding to copy filtered resources.
2018-03-16 09:36:16,596 [Worker-45] INFO  o.e.m.c.i.embedder.EclipseLogger - skip non existing resourceDirectory M:\com.OrangeHRM\OrangeHRM\src\test\resources
2018-03-16 09:38:22,562 [Worker-56] INFO  o.e.m.c.i.embedder.EclipseLogger - Using 'UTF-8' encoding to copy filtered resources.
2018-03-16 09:38:22,562 [Worker-56] INFO  o.e.m.c.i.embedder.EclipseLogger - skip non existing resourceDirectory M:\com.OrangeHRM\OrangeHRM\src\main\resources
2018-03-16 09:38:22,564 [Worker-56] INFO  o.e.m.c.i.embedder.EclipseLogger - Using 'UTF-8' encoding to copy filtered resources.
2018-03-16 09:38:22,564 [Worker-56] INFO  o.e.m.c.i.embedder.EclipseLogger - skip non existing resourceDirectory M:\com.OrangeHRM\OrangeHRM\src\test\resources
2018-03-16 09:38:23,707 [Worker-50] INFO  o.e.m.c.i.embedder.EclipseLogger - Using 'UTF-8' encoding to copy filtered resources.
2018-03-16 09:38:23,707 [Worker-50] INFO  o.e.m.c.i.embedder.EclipseLogger - skip non existing resourceDirectory M:\com.OrangeHRM\OrangeHRM\src\main\resources
2018-03-16 09:38:23,710 [Worker-50] INFO  o.e.m.c.i.embedder.EclipseLogger - Using 'UTF-8' encoding to copy filtered resources.
2018-03-16 09:38:23,710 [Worker-50] INFO  o.e.m.c.i.embedder.EclipseLogger - skip non existing resourceDirectory M:\com.OrangeHRM\OrangeHRM\src\test\resources
2018-03-16 09:39:06,901 [Worker-57] INFO  o.e.m.c.i.embedder.EclipseLogger - Using 'UTF-8' encoding to copy filtered resources.
2018-03-16 09:39:06,902 [Worker-57] INFO  o.e.m.c.i.embedder.EclipseLogger - skip non existing resourceDirectory M:\com.OrangeHRM\OrangeHRM\src\main\resources
2018-03-16 09:39:06,904 [Worker-57] INFO  o.e.m.c.i.embedder.EclipseLogger - Using 'UTF-8' encoding to copy filtered resources.
2018-03-16 09:39:06,904 [Worker-57] INFO  o.e.m.c.i.embedder.EclipseLogger - skip non existing resourceDirectory M:\com.OrangeHRM\OrangeHRM\src\test\resources
2018-03-16 09:48:28,947 [Worker-35] INFO  o.e.m.c.i.embedder.EclipseLogger - Using 'UTF-8' encoding to copy filtered resources.
2018-03-16 09:48:28,948 [Worker-35] INFO  o.e.m.c.i.embedder.EclipseLogger - skip non existing resourceDirectory M:\com.OrangeHRM\OrangeHRM\src\main\resources
2018-03-16 09:48:28,950 [Worker-35] INFO  o.e.m.c.i.embedder.EclipseLogger - Using 'UTF-8' encoding to copy filtered resources.
2018-03-16 09:48:28,950 [Worker-35] INFO  o.e.m.c.i.embedder.EclipseLogger - skip non existing resourceDirectory M:\com.OrangeHRM\OrangeHRM\src\test\resources
2018-03-16 09:48:35,666 [Worker-50] INFO  o.e.m.c.i.embedder.EclipseLogger - Using 'UTF-8' encoding to copy filtered resources.
2018-03-16 09:48:35,667 [Worker-50] INFO  o.e.m.c.i.embedder.EclipseLogger - skip non existing resourceDirectory M:\com.OrangeHRM\OrangeHRM\src\main\resources
2018-03-16 09:48:35,668 [Worker-50] INFO  o.e.m.c.i.embedder.EclipseLogger - Using 'UTF-8' encoding to copy filtered resources.
2018-03-16 09:48:35,668 [Worker-50] INFO  o.e.m.c.i.embedder.EclipseLogger - skip non existing resourceDirectory M:\com.OrangeHRM\OrangeHRM\src\test\resources
2018-03-16 09:53:49,300 [Worker-61] INFO  o.e.m.c.i.embedder.EclipseLogger - Using 'UTF-8' encoding to copy filtered resources.
2018-03-16 09:53:49,301 [Worker-61] INFO  o.e.m.c.i.embedder.EclipseLogger - skip non existing resourceDirectory M:\com.OrangeHRM\OrangeHRM\src\main\resources
2018-03-16 09:53:49,302 [Worker-61] INFO  o.e.m.c.i.embedder.EclipseLogger - Using 'UTF-8' encoding to copy filtered resources.
2018-03-16 09:53:49,302 [Worker-61] INFO  o.e.m.c.i.embedder.EclipseLogger - skip non existing resourceDirectory M:\com.OrangeHRM\OrangeHRM\src\test\resources
2018-03-16 09:56:54,773 [Worker-51] INFO  o.e.m.c.i.embedder.EclipseLogger - Using 'UTF-8' encoding to copy filtered resources.
2018-03-16 09:56:54,773 [Worker-51] INFO  o.e.m.c.i.embedder.EclipseLogger - skip non existing resourceDirectory M:\com.OrangeHRM\OrangeHRM\src\main\resources
2018-03-16 09:56:54,776 [Worker-51] INFO  o.e.m.c.i.embedder.EclipseLogger - Using 'UTF-8' encoding to copy filtered resources.
2018-03-16 09:56:54,776 [Worker-51] INFO  o.e.m.c.i.embedder.EclipseLogger - skip non existing resourceDirectory M:\com.OrangeHRM\OrangeHRM\src\test\resources
2018-03-16 09:58:10,144 [Worker-51] INFO  o.e.m.c.i.embedder.EclipseLogger - Using 'UTF-8' encoding to copy filtered resources.
2018-03-16 09:58:10,145 [Worker-51] INFO  o.e.m.c.i.embedder.EclipseLogger - skip non existing resourceDirectory M:\com.OrangeHRM\OrangeHRM\src\main\resources
2018-03-16 09:58:10,147 [Worker-51] INFO  o.e.m.c.i.embedder.EclipseLogger - Using 'UTF-8' encoding to copy filtered resources.
2018-03-16 09:58:10,147 [Worker-51] INFO  o.e.m.c.i.embedder.EclipseLogger - skip non existing resourceDirectory M:\com.OrangeHRM\OrangeHRM\src\test\resources
2018-03-16 10:05:26,691 [Worker-71] INFO  o.e.m.c.i.embedder.EclipseLogger - Using 'UTF-8' encoding to copy filtered resources.
2018-03-16 10:05:26,692 [Worker-71] INFO  o.e.m.c.i.embedder.EclipseLogger - skip non existing resourceDirectory M:\com.OrangeHRM\OrangeHRM\src\main\resources
2018-03-16 10:05:26,693 [Worker-71] INFO  o.e.m.c.i.embedder.EclipseLogger - Using 'UTF-8' encoding to copy filtered resources.
2018-03-16 10:05:26,694 [Worker-71] INFO  o.e.m.c.i.embedder.EclipseLogger - skip non existing resourceDirectory M:\com.OrangeHRM\OrangeHRM\src\test\resources
2018-03-16 10:05:59,206 [Worker-70] INFO  o.e.m.c.i.e.AbstractTransferListenerAdapter - Downloaded http://forplay.googlecode.com/svn/mavenrepo/com/google/guava/guava/21.0/guava-21.0-sources.jar
2018-03-16 10:05:59,385 [Worker-70] INFO  o.e.m.c.i.e.AbstractTransferListenerAdapter - Downloading https://repo.maven.apache.org/maven2/com/google/guava/guava/21.0/guava-21.0-sources.jar
2018-03-16 10:05:59,808 [Worker-70] INFO  o.e.m.c.i.e.AbstractTransferListenerAdapter - Downloaded https://repo.maven.apache.org/maven2/com/google/guava/guava/21.0/guava-21.0-sources.jar
2018-03-16 10:06:00,363 [Worker-70] INFO  o.e.m.j.internal.DownloadSourcesJob - Downloaded sources for com.google.guava:guava:21.0
2018-03-16 10:06:01,015 [Worker-67] INFO  o.e.m.c.i.embedder.EclipseLogger - Using 'UTF-8' encoding to copy filtered resources.
2018-03-16 10:06:01,016 [Worker-67] INFO  o.e.m.c.i.embedder.EclipseLogger - skip non existing resourceDirectory M:\com.OrangeHRM\OrangeHRM\src\main\resources
2018-03-16 10:06:01,018 [Worker-67] INFO  o.e.m.c.i.embedder.EclipseLogger - Using 'UTF-8' encoding to copy filtered resources.
2018-03-16 10:06:01,018 [Worker-67] INFO  o.e.m.c.i.embedder.EclipseLogger - skip non existing resourceDirectory M:\com.OrangeHRM\OrangeHRM\src\test\resources
2018-03-16 10:19:06,815 [Worker-72] INFO  o.e.m.c.i.embedder.EclipseLogger - Using 'UTF-8' encoding to copy filtered resources.
2018-03-16 10:19:06,816 [Worker-72] INFO  o.e.m.c.i.embedder.EclipseLogger - skip non existing resourceDirectory M:\com.OrangeHRM\OrangeHRM\src\main\resources
2018-03-16 10:19:06,818 [Worker-72] INFO  o.e.m.c.i.embedder.EclipseLogger - Using 'UTF-8' encoding to copy filtered resources.
2018-03-16 10:19:06,818 [Worker-72] INFO  o.e.m.c.i.embedder.EclipseLogger - skip non existing resourceDirectory M:\com.OrangeHRM\OrangeHRM\src\test\resources
2018-03-16 10:22:08,229 [Worker-75] INFO  o.e.m.c.i.embedder.EclipseLogger - Using 'UTF-8' encoding to copy filtered resources.
2018-03-16 10:22:08,229 [Worker-75] INFO  o.e.m.c.i.embedder.EclipseLogger - skip non existing resourceDirectory M:\com.OrangeHRM\OrangeHRM\src\main\resources
2018-03-16 10:22:08,231 [Worker-75] INFO  o.e.m.c.i.embedder.EclipseLogger - Using 'UTF-8' encoding to copy filtered resources.
2018-03-16 10:22:08,231 [Worker-75] INFO  o.e.m.c.i.embedder.EclipseLogger - skip non existing resourceDirectory M:\com.OrangeHRM\OrangeHRM\src\test\resources
2018-03-16 10:32:45,179 [Worker-78] INFO  o.e.m.c.i.embedder.EclipseLogger - Using 'UTF-8' encoding to copy filtered resources.
2018-03-16 10:32:45,180 [Worker-78] INFO  o.e.m.c.i.embedder.EclipseLogger - skip non existing resourceDirectory M:\com.OrangeHRM\OrangeHRM\src\main\resources
2018-03-16 10:32:45,182 [Worker-78] INFO  o.e.m.c.i.embedder.EclipseLogger - Using 'UTF-8' encoding to copy filtered resources.
2018-03-16 10:32:45,182 [Worker-78] INFO  o.e.m.c.i.embedder.EclipseLogger - skip non existing resourceDirectory M:\com.OrangeHRM\OrangeHRM\src\test\resources
2018-03-16 10:50:19,467 [Worker-83] INFO  o.e.m.c.i.embedder.EclipseLogger - Using 'UTF-8' encoding to copy filtered resources.
2018-03-16 10:50:19,467 [Worker-83] INFO  o.e.m.c.i.embedder.EclipseLogger - skip non existing resourceDirectory M:\com.OrangeHRM\OrangeHRM\src\main\resources
2018-03-16 10:50:19,470 [Worker-83] INFO  o.e.m.c.i.embedder.EclipseLogger - Using 'UTF-8' encoding to copy filtered resources.
2018-03-16 10:50:19,470 [Worker-83] INFO  o.e.m.c.i.embedder.EclipseLogger - skip non existing resourceDirectory M:\com.OrangeHRM\OrangeHRM\src\test\resources
2018-03-16 10:53:00,509 [Worker-72] INFO  o.e.m.c.i.embedder.EclipseLogger - Using 'UTF-8' encoding to copy filtered resources.
2018-03-16 10:53:00,510 [Worker-72] INFO  o.e.m.c.i.embedder.EclipseLogger - skip non existing resourceDirectory M:\com.OrangeHRM\OrangeHRM\src\main\resources
2018-03-16 10:53:00,511 [Worker-72] INFO  o.e.m.c.i.embedder.EclipseLogger - Using 'UTF-8' encoding to copy filtered resources.
2018-03-16 10:53:00,511 [Worker-72] INFO  o.e.m.c.i.embedder.EclipseLogger - skip non existing resourceDirectory M:\com.OrangeHRM\OrangeHRM\src\test\resources
2018-03-16 10:54:05,098 [Worker-77] INFO  o.e.m.c.i.embedder.EclipseLogger - Using 'UTF-8' encoding to copy filtered resources.
2018-03-16 10:54:05,099 [Worker-77] INFO  o.e.m.c.i.embedder.EclipseLogger - skip non existing resourceDirectory M:\com.OrangeHRM\OrangeHRM\src\main\resources
2018-03-16 10:54:05,101 [Worker-77] INFO  o.e.m.c.i.embedder.EclipseLogger - Using 'UTF-8' encoding to copy filtered resources.
2018-03-16 10:54:05,101 [Worker-77] INFO  o.e.m.c.i.embedder.EclipseLogger - skip non existing resourceDirectory M:\com.OrangeHRM\OrangeHRM\src\test\resources
2018-03-16 10:55:28,786 [Worker-88] INFO  o.e.m.c.i.embedder.EclipseLogger - Using 'UTF-8' encoding to copy filtered resources.
2018-03-16 10:55:28,786 [Worker-88] INFO  o.e.m.c.i.embedder.EclipseLogger - skip non existing resourceDirectory M:\com.OrangeHRM\OrangeHRM\src\main\resources
2018-03-16 10:55:28,788 [Worker-88] INFO  o.e.m.c.i.embedder.EclipseLogger - Using 'UTF-8' encoding to copy filtered resources.
2018-03-16 10:55:28,788 [Worker-88] INFO  o.e.m.c.i.embedder.EclipseLogger - skip non existing resourceDirectory M:\com.OrangeHRM\OrangeHRM\src\test\resources
2018-03-16 10:56:38,581 [Worker-86] INFO  o.e.m.c.i.embedder.EclipseLogger - Using 'UTF-8' encoding to copy filtered resources.
2018-03-16 10:56:38,581 [Worker-86] INFO  o.e.m.c.i.embedder.EclipseLogger - skip non existing resourceDirectory M:\com.OrangeHRM\OrangeHRM\src\main\resources
2018-03-16 10:56:38,584 [Worker-86] INFO  o.e.m.c.i.embedder.EclipseLogger - Using 'UTF-8' encoding to copy filtered resources.
2018-03-16 10:56:38,584 [Worker-86] INFO  o.e.m.c.i.embedder.EclipseLogger - skip non existing resourceDirectory M:\com.OrangeHRM\OrangeHRM\src\test\resources
2018-03-16 11:02:38,660 [Worker-78] INFO  o.e.m.c.i.embedder.EclipseLogger - Using 'UTF-8' encoding to copy filtered resources.
2018-03-16 11:02:38,660 [Worker-78] INFO  o.e.m.c.i.embedder.EclipseLogger - skip non existing resourceDirectory M:\com.OrangeHRM\OrangeHRM\src\main\resources
2018-03-16 11:02:38,662 [Worker-78] INFO  o.e.m.c.i.embedder.EclipseLogger - Using 'UTF-8' encoding to copy filtered resources.
2018-03-16 11:02:38,662 [Worker-78] INFO  o.e.m.c.i.embedder.EclipseLogger - skip non existing resourceDirectory M:\com.OrangeHRM\OrangeHRM\src\test\resources
2018-03-16 11:04:58,672 [Worker-78] INFO  o.e.m.c.i.embedder.EclipseLogger - Using 'UTF-8' encoding to copy filtered resources.
2018-03-16 11:04:58,672 [Worker-78] INFO  o.e.m.c.i.embedder.EclipseLogger - skip non existing resourceDirectory M:\com.OrangeHRM\OrangeHRM\src\main\resources
2018-03-16 11:04:58,674 [Worker-78] INFO  o.e.m.c.i.embedder.EclipseLogger - Using 'UTF-8' encoding to copy filtered resources.
2018-03-16 11:04:58,674 [Worker-78] INFO  o.e.m.c.i.embedder.EclipseLogger - skip non existing resourceDirectory M:\com.OrangeHRM\OrangeHRM\src\test\resources
2018-03-16 11:07:22,171 [Worker-78] INFO  o.e.m.c.i.embedder.EclipseLogger - Using 'UTF-8' encoding to copy filtered resources.
2018-03-16 11:07:22,171 [Worker-78] INFO  o.e.m.c.i.embedder.EclipseLogger - skip non existing resourceDirectory M:\com.OrangeHRM\OrangeHRM\src\main\resources
2018-03-16 11:07:22,172 [Worker-78] INFO  o.e.m.c.i.embedder.EclipseLogger - Using 'UTF-8' encoding to copy filtered resources.
2018-03-16 11:07:22,173 [Worker-78] INFO  o.e.m.c.i.embedder.EclipseLogger - skip non existing resourceDirectory M:\com.OrangeHRM\OrangeHRM\src\test\resources
2018-03-16 11:07:53,143 [Worker-84] INFO  o.e.m.c.i.embedder.EclipseLogger - Using 'UTF-8' encoding to copy filtered resources.
2018-03-16 11:07:53,144 [Worker-84] INFO  o.e.m.c.i.embedder.EclipseLogger - skip non existing resourceDirectory M:\com.OrangeHRM\OrangeHRM\src\main\resources
2018-03-16 11:07:53,145 [Worker-84] INFO  o.e.m.c.i.embedder.EclipseLogger - Using 'UTF-8' encoding to copy filtered resources.
2018-03-16 11:07:53,145 [Worker-84] INFO  o.e.m.c.i.embedder.EclipseLogger - skip non existing resourceDirectory M:\com.OrangeHRM\OrangeHRM\src\test\resources
2018-03-16 11:08:03,536 [Worker-84] INFO  o.e.m.c.i.embedder.EclipseLogger - Using 'UTF-8' encoding to copy filtered resources.
2018-03-16 11:08:03,536 [Worker-84] INFO  o.e.m.c.i.embedder.EclipseLogger - skip non existing resourceDirectory M:\com.OrangeHRM\OrangeHRM\src\main\resources
2018-03-16 11:08:03,537 [Worker-84] INFO  o.e.m.c.i.embedder.EclipseLogger - Using 'UTF-8' encoding to copy filtered resources.
2018-03-16 11:08:03,537 [Worker-84] INFO  o.e.m.c.i.embedder.EclipseLogger - skip non existing resourceDirectory M:\com.OrangeHRM\OrangeHRM\src\test\resources
2018-03-16 11:09:48,288 [main] INFO  o.e.m2e.actions.ExecutePomAction - Creating new launch configuration
2018-03-16 11:09:55,739 [Worker-91] INFO  o.e.m.i.launch.MavenLaunchDelegate - M:\com.OrangeHRM\OrangeHRM
2018-03-16 11:09:55,741 [Worker-91] INFO  o.e.m.i.launch.MavenLaunchDelegate -  mvn -B test
